Analyzing WN11 for redundancies in: (true, true, true)
Number of predicates P: 11
Adding 112581 triples to a new hash map from train2id.txt
Adding 2609 triples to a new hash map from valid2id.txt
Adding 10544 triples to a new hash map from test2id.txt
Measurements (Head Coverage) for Near-Same Anomalies: 
0.001, 0.005, 0.001, 0.000, 0.006, 0.007, 0.000, 0.000, 0.000, 0.005, 0.006
Measurements (Head Coverage) for Near-Reverse Anomalies: 
0.882, 0.917, 0.746, 0.868, 0.811, 0.862, 0.868, 0.000, 0.904, 0.868, 0.004
Transitive Measurements (Head Coverage): 
0.002, 0.003, 0.004, 0.001, 0.011, 0.017, 0.001, 0.000, 0.000, 0.019, 0.000
Measurements (Head Coverage) for Symmetric Anomalies: 
0.000, 0.000, 0.000, 0.000, 0.000, 0.000, 0.000, 0.850, 0.000, 0.000, 0.000
Measurements (Head Coverage) for N:1 Relations: 
0.856, 0.971, 0.245, 0.687, 0.697, 0.208, 0.017, 0.410, 0.936, 0.065, 0.089
Measurements (Head Coverage) for 1:N Relations: 
0.135, 0.062, 0.870, 0.013, 0.232, 0.726, 0.687, 0.416, 0.325, 0.974, 0.935
Wed Feb 11 19:26:50 EST 2026 -- Cartesian product; going for p: 0 (0 out of 11)
Wed Feb 11 19:27:35 EST 2026 -- Cartesian product; going for p: 1 (0 out of 11)
Wed Feb 11 19:27:35 EST 2026 -- Cartesian product; going for p: 2 (0 out of 11)
Wed Feb 11 19:28:29 EST 2026 -- Cartesian product; going for p: 3 (0 out of 11)
Wed Feb 11 19:28:34 EST 2026 -- Cartesian product; going for p: 4 (0 out of 11)
Wed Feb 11 19:28:36 EST 2026 -- Cartesian product; going for p: 5 (0 out of 11)
Wed Feb 11 19:28:38 EST 2026 -- Cartesian product; going for p: 6 (0 out of 11)
Wed Feb 11 19:28:42 EST 2026 -- Cartesian product; going for p: 7 (0 out of 11)
Wed Feb 11 19:28:42 EST 2026 -- Cartesian product; going for p: 8 (0 out of 11)
Wed Feb 11 19:28:42 EST 2026 -- Cartesian product; going for p: 9 (0 out of 11)
Wed Feb 11 19:28:43 EST 2026 -- Cartesian product; going for p: 10 (0 out of 11)
Measurements (Confidence) for Cartesian Product Anomalies:
0.000, 0.000, 0.000, 0.000, 0.000, 0.000, 0.000, 0.000, 0.001, 0.000, 0.001

Done
