Analyzing FB15K237 for redundancies in: (true, true, true)
Number of predicates P: 237
Adding 272115 triples to a new hash map from train2id.txt
Adding 17535 triples to a new hash map from valid2id.txt
Adding 20466 triples to a new hash map from test2id.txt
Measurements (Head Coverage) for Near-Same Anomalies: 
0.000, 0.180, 0.010, 0.739, 0.811, 0.810, 0.195, 0.001, 0.383, 0.435, 0.000, 0.035, 0.087, 0.073, 0.008, 0.025, 0.085, 0.000, 0.000, 0.000, 0.000, 0.012, 0.000, 0.018, 0.407, 0.000, 0.000, 0.000, 0.422, 0.000, 0.001, 0.005, 0.095, 0.004, 0.000, 0.000, 0.591, 0.009, 0.332, 0.095, 0.659, 0.096, 0.004, 0.000, 0.145, 0.102, 0.000, 0.002, 0.011, 0.000, 0.010, 0.081, 0.000, 0.719, 0.519, 0.000, 0.025, 0.597, 0.017, 0.032, 0.000, 0.000, 0.278, 0.143, 0.000, 0.731, 0.265, 0.000, 0.000, 0.366, 0.000, 0.000, 0.565, 0.000, 0.085, 0.303, 0.000, 0.096, 0.731, 0.000, 0.000, 0.817, 0.001, 0.045, 0.188, 0.000, 0.027, 0.270, 0.323, 0.000, 0.177, 0.000, 0.005, 0.000, 0.002, 0.000, 0.000, 0.247, 0.000, 0.000, 0.013, 0.001, 0.510, 0.000, 0.000, 0.146, 0.017, 0.035, 0.722, 0.287, 0.000, 0.332, 0.002, 0.000, 0.029, 0.002, 0.128, 0.772, 0.000, 0.345, 0.000, 0.000, 0.000, 0.258, 0.000, 0.000, 0.005, 0.124, 0.798, 0.744, 0.001, 0.208, 0.000, 0.205, 0.242, 0.440, 0.061, 0.000, 0.012, 0.706, 0.000, 0.372, 0.000, 0.018, 0.788, 0.572, 0.807, 0.281, 0.000, 0.062, 0.041, 0.007, 0.046, 0.024, 0.000, 0.185, 0.000, 0.000, 0.128, 0.066, 0.268, 0.000, 0.531, 0.040, 0.581, 0.000, 0.690, 0.000, 0.000, 0.821, 0.848, 0.000, 0.000, 0.473, 0.836, 0.168, 0.000, 0.299, 0.680, 0.000, 0.833, 0.000, 0.000, 0.158, 0.187, 0.093, 0.150, 0.211, 0.000, 0.000, 0.625, 0.181, 0.247, 0.395, 0.351, 0.000, 0.167, 0.000, 0.008, 0.323, 0.000, 0.322, 0.030, 0.191, 0.000, 0.738, 0.800, 0.030, 0.808, 0.000, 0.000, 0.000, 0.010, 0.819, 0.000, 0.007, 0.015, 0.000, 0.104, 0.588, 0.000, 0.000, 0.026, 0.194, 0.059, 0.714, 0.153, 0.000, 0.088, 0.015, 0.118, 0.000, 0.094, 0.016, 0.799, 0.413, 0.446
Measurements (Head Coverage) for Near-Reverse Anomalies: 
0.000, 0.316, 0.469, 0.740, 0.810, 0.815, 0.088, 0.211, 0.384, 0.439, 0.000, 0.000, 0.773, 0.003, 0.018, 0.081, 0.532, 0.000, 0.000, 0.290, 0.000, 0.011, 0.006, 0.044, 0.000, 0.000, 0.000, 0.000, 0.061, 0.000, 0.660, 0.157, 0.281, 0.000, 0.000, 0.000, 0.818, 0.000, 0.362, 0.000, 0.000, 0.246, 0.225, 0.000, 0.005, 0.104, 0.000, 0.671, 0.000, 0.813, 0.000, 0.000, 0.001, 0.732, 0.356, 0.000, 0.025, 0.595, 0.016, 0.022, 0.000, 0.000, 0.577, 0.000, 0.000, 0.390, 0.002, 0.000, 0.000, 0.170, 0.361, 0.000, 0.228, 0.000, 0.219, 0.306, 0.005, 0.095, 0.000, 0.000, 0.000, 0.817, 0.000, 0.363, 0.360, 0.000, 0.428, 0.100, 0.000, 0.000, 0.000, 0.000, 0.003, 0.000, 0.012, 0.000, 0.000, 0.248, 0.000, 0.008, 0.003, 0.000, 0.337, 0.000, 0.673, 0.320, 0.003, 0.025, 0.000, 0.476, 0.000, 0.706, 0.000, 0.006, 0.019, 0.000, 0.268, 0.800, 0.000, 0.345, 0.000, 0.000, 0.019, 0.245, 0.001, 0.000, 0.000, 0.825, 0.000, 0.000, 0.524, 0.000, 0.000, 0.752, 0.379, 0.826, 0.105, 0.000, 0.015, 0.000, 0.009, 0.374, 0.821, 0.460, 0.766, 0.360, 0.807, 0.034, 0.000, 0.000, 0.039, 0.000, 0.045, 0.138, 0.000, 0.159, 0.000, 0.403, 0.120, 0.050, 0.003, 0.000, 0.399, 0.002, 0.576, 0.031, 0.000, 0.000, 0.197, 0.821, 0.000, 0.000, 0.000, 0.225, 0.369, 0.147, 0.000, 0.228, 0.688, 0.000, 0.843, 0.000, 0.000, 0.386, 0.368, 0.022, 0.285, 0.220, 0.000, 0.000, 0.679, 0.007, 0.247, 0.030, 0.726, 0.000, 0.155, 0.000, 0.000, 0.023, 0.000, 0.671, 0.000, 0.000, 0.758, 0.879, 0.000, 0.035, 0.000, 0.000, 0.015, 0.019, 0.000, 0.000, 0.000, 0.000, 0.000, 0.000, 0.094, 0.000, 0.000, 0.552, 0.013, 0.528, 0.013, 0.000, 0.057, 0.007, 0.088, 0.000, 0.133, 0.000, 0.007, 0.000, 0.000, 0.394, 0.000
Transitive Measurements (Head Coverage): 
0.000, 0.000, 0.001, 0.874, 0.000, 0.000, 0.000, 0.000, 0.882, 0.997, 0.000, 0.000, 0.000, 0.000, 0.000, 0.394, 0.000, 0.001, 0.000, 0.000, 0.013, 0.438, 0.000, 0.000, 0.000, 0.000, 0.000, 0.000, 0.000, 0.000, 0.000, 0.036, 0.000, 0.000, 0.000, 0.000, 0.000, 0.000, 0.000, 0.000, 0.000, 0.000, 0.000, 0.000, 0.000, 0.118, 0.000, 0.000, 0.000, 0.000, 0.000, 0.000, 0.402, 0.013, 0.000, 0.000, 0.000, 0.898, 0.624, 0.017, 0.000, 0.000, 0.000, 0.000, 1.000, 0.000, 0.000, 0.000, 0.000, 0.000, 0.000, 0.000, 0.000, 0.000, 0.000, 0.998, 0.000, 0.023, 0.000, 0.000, 0.000, 0.000, 0.000, 0.000, 0.000, 0.000, 0.000, 0.000, 0.041, 0.000, 0.000, 0.000, 0.000, 0.000, 0.000, 0.000, 0.000, 0.789, 0.000, 0.000, 0.000, 0.000, 0.000, 0.000, 0.000, 0.000, 0.000, 0.008, 0.000, 0.000, 0.000, 0.000, 0.000, 0.000, 1.000, 0.000, 0.000, 0.000, 0.000, 0.099, 0.000, 0.000, 0.000, 0.000, 0.000, 0.000, 0.000, 0.000, 0.000, 0.000, 0.000, 0.000, 0.000, 0.000, 0.000, 0.000, 0.000, 0.112, 0.004, 0.000, 0.000, 0.743, 0.000, 0.000, 0.000, 0.000, 0.000, 0.000, 0.000, 0.000, 0.000, 0.000, 0.968, 0.000, 0.000, 0.000, 0.000, 0.000, 0.000, 0.000, 0.000, 0.000, 0.000, 0.000, 0.000, 0.000, 0.000, 0.000, 0.110, 0.000, 0.000, 0.000, 0.000, 0.000, 0.000, 0.259, 0.000, 0.000, 0.864, 0.000, 0.922, 0.000, 0.000, 0.000, 0.000, 0.000, 0.000, 0.000, 0.648, 0.000, 0.000, 0.000, 0.000, 0.000, 0.000, 0.000, 0.089, 0.000, 0.000, 0.000, 0.000, 0.000, 0.000, 0.000, 0.000, 0.000, 0.000, 0.104, 0.000, 0.000, 0.000, 0.000, 0.000, 0.000, 0.000, 0.000, 0.198, 0.000, 0.297, 0.000, 0.000, 0.000, 0.000, 0.000, 0.000, 0.000, 0.000, 0.000, 0.044, 0.170, 0.057, 1.000, 0.000, 0.000, 0.000, 0.128, 0.000
Measurements (Head Coverage) for Symmetric Anomalies: 
0.000, 0.000, 0.000, 0.816, 0.000, 0.000, 0.000, 0.000, 0.815, 0.821, 0.000, 0.000, 0.000, 0.000, 0.000, 0.000, 0.000, 0.000, 0.000, 0.000, 0.000, 0.022, 0.000, 0.000, 0.000, 0.000, 0.000, 0.000, 0.000, 0.000, 0.000, 0.000, 0.000, 0.000, 0.000, 0.000, 0.000, 0.000, 0.001, 0.000, 0.000, 0.000, 0.000, 0.000, 0.000, 0.812, 0.000, 0.000, 0.000, 0.000, 0.000, 0.000, 0.016, 0.771, 0.000, 0.000, 0.000, 0.810, 0.819, 0.000, 0.000, 0.000, 0.000, 0.000, 0.826, 0.000, 0.000, 0.000, 0.000, 0.000, 0.000, 0.000, 0.000, 0.000, 0.000, 0.813, 0.000, 0.811, 0.000, 0.000, 0.000, 0.000, 0.000, 0.000, 0.000, 0.000, 0.000, 0.000, 0.000, 0.000, 0.000, 0.000, 0.000, 0.000, 0.000, 0.000, 0.000, 0.832, 0.000, 0.000, 0.000, 0.000, 0.000, 0.000, 0.000, 0.000, 0.000, 0.000, 0.000, 0.000, 0.000, 0.000, 0.000, 0.000, 0.885, 0.000, 0.000, 0.000, 0.000, 0.817, 0.000, 0.000, 0.000, 0.821, 0.000, 0.000, 0.000, 0.000, 0.000, 0.000, 0.000, 0.000, 0.000, 0.000, 0.000, 0.000, 0.000, 0.000, 0.000, 0.000, 0.000, 0.832, 0.000, 0.000, 0.000, 0.000, 0.000, 0.000, 0.000, 0.000, 0.000, 0.000, 0.837, 0.000, 0.000, 0.000, 0.000, 0.000, 0.000, 0.000, 0.000, 0.000, 0.000, 0.000, 0.805, 0.000, 0.000, 0.000, 0.000, 0.000, 0.000, 0.000, 0.000, 0.000, 0.000, 0.839, 0.000, 0.000, 0.848, 0.000, 0.765, 0.000, 0.000, 0.000, 0.000, 0.000, 0.000, 0.000, 0.831, 0.000, 0.000, 0.000, 0.805, 0.000, 0.000, 0.000, 0.786, 0.000, 0.000, 0.000, 0.000, 0.000, 0.000, 0.000, 0.000, 0.000, 0.000, 0.000, 0.000, 0.000, 0.000, 0.000, 0.000, 0.000, 0.000, 0.000, 0.000, 0.000, 0.317, 0.000, 0.000, 0.000, 0.000, 0.000, 0.000, 0.000, 0.000, 0.000, 0.018, 0.000, 0.009, 0.842, 0.000, 0.000, 0.000, 0.000, 0.000
Measurements (Head Coverage) for N:1 Relations: 
1.000, 0.541, 0.732, 0.950, 0.999, 1.000, 0.990, 0.976, 0.973, 0.999, 1.000, 0.999, 0.681, 0.997, 0.996, 0.814, 0.990, 0.998, 0.982, 0.998, 0.983, 0.935, 0.540, 0.997, 0.873, 1.000, 1.000, 0.754, 0.992, 0.997, 0.994, 0.999, 0.639, 1.000, 1.000, 0.999, 1.000, 0.760, 0.946, 0.849, 0.731, 0.994, 0.930, 1.000, 0.754, 0.795, 0.965, 0.803, 0.994, 1.000, 0.285, 0.990, 0.921, 0.353, 0.356, 0.053, 0.000, 0.974, 0.888, 0.366, 1.000, 1.000, 0.893, 0.079, 1.000, 0.996, 0.911, 0.904, 0.911, 1.000, 0.739, 0.401, 0.999, 1.000, 0.966, 0.999, 0.936, 0.778, 0.000, 0.846, 0.998, 0.000, 0.997, 0.734, 0.876, 1.000, 0.993, 0.000, 0.706, 0.961, 1.000, 1.000, 0.999, 0.958, 0.033, 0.999, 1.000, 0.851, 1.000, 0.959, 0.992, 0.992, 0.076, 0.621, 1.000, 0.973, 0.870, 0.985, 0.998, 0.790, 1.000, 0.527, 0.953, 1.000, 1.000, 0.998, 0.927, 0.997, 1.000, 0.595, 1.000, 0.688, 0.829, 0.594, 0.998, 0.079, 0.084, 0.911, 1.000, 0.986, 0.982, 0.910, 0.000, 0.916, 0.973, 0.928, 0.817, 1.000, 0.808, 0.985, 0.355, 0.784, 1.000, 0.933, 0.117, 0.814, 0.000, 0.899, 1.000, 0.145, 0.836, 0.641, 0.979, 0.325, 1.000, 0.692, 1.000, 0.830, 0.453, 0.623, 0.745, 0.032, 0.864, 0.753, 0.424, 0.234, 1.000, 1.000, 0.495, 0.998, 0.752, 1.000, 0.998, 0.357, 0.998, 0.308, 1.000, 0.921, 0.944, 0.971, 0.980, 0.888, 0.873, 0.976, 0.956, 0.984, 0.960, 0.886, 0.917, 0.416, 0.011, 0.997, 0.185, 0.965, 0.000, 1.000, 0.417, 1.000, 0.967, 0.571, 1.000, 0.443, 0.898, 0.940, 0.992, 0.965, 1.000, 0.355, 0.995, 1.000, 0.993, 0.192, 1.000, 0.995, 0.959, 0.233, 0.944, 1.000, 0.886, 1.000, 1.000, 0.948, 0.929, 0.935, 0.743, 0.992, 0.484, 0.660, 0.150, 0.835, 0.133, 1.000, 0.993, 0.425, 1.000, 0.908, 0.645
Measurements (Head Coverage) for 1:N Relations: 
0.810, 0.966, 0.993, 0.950, 0.981, 0.987, 0.960, 0.998, 0.973, 0.999, 0.992, 0.134, 0.839, 0.945, 0.629, 0.914, 0.020, 0.910, 0.967, 0.932, 0.995, 0.932, 0.955, 0.863, 0.000, 0.000, 0.982, 1.000, 0.565, 0.999, 0.900, 0.991, 0.996, 0.000, 0.000, 1.000, 0.992, 0.998, 0.847, 0.000, 0.989, 0.934, 0.991, 0.000, 0.991, 0.805, 0.619, 0.994, 0.245, 1.000, 0.983, 0.124, 0.902, 0.327, 0.225, 0.991, 0.000, 0.968, 0.884, 0.860, 0.000, 0.921, 0.000, 0.997, 1.000, 1.000, 0.631, 0.817, 0.998, 0.976, 0.971, 0.997, 0.876, 0.900, 0.432, 0.999, 0.994, 0.768, 1.000, 1.000, 0.000, 0.000, 0.233, 0.184, 0.523, 0.125, 0.559, 0.998, 0.987, 0.999, 0.567, 0.000, 0.983, 0.989, 0.470, 0.938, 0.998, 0.854, 1.000, 0.951, 0.416, 0.960, 0.904, 0.999, 0.997, 0.018, 0.532, 0.956, 0.000, 0.306, 0.000, 0.000, 0.997, 0.559, 1.000, 0.048, 0.145, 0.990, 0.000, 0.567, 0.000, 1.000, 0.838, 0.609, 0.538, 0.982, 1.000, 0.000, 0.000, 0.009, 0.999, 0.992, 1.000, 0.000, 0.864, 0.000, 0.528, 1.000, 0.285, 0.010, 0.929, 0.788, 0.973, 0.031, 0.029, 0.626, 0.000, 0.191, 1.000, 0.952, 0.809, 0.837, 0.983, 0.866, 0.033, 0.289, 1.000, 0.955, 0.969, 0.452, 0.209, 1.000, 0.524, 0.802, 0.403, 0.930, 0.000, 0.000, 1.000, 0.993, 0.998, 1.000, 0.347, 0.953, 1.000, 0.315, 1.000, 0.672, 0.936, 0.699, 0.980, 0.048, 0.000, 0.038, 0.011, 0.140, 0.130, 0.350, 0.911, 0.988, 0.000, 0.305, 0.149, 0.495, 0.169, 0.000, 0.500, 0.983, 0.516, 0.143, 0.170, 0.329, 0.127, 0.528, 0.961, 0.000, 0.000, 0.801, 0.000, 0.000, 0.000, 0.990, 0.029, 0.000, 0.930, 1.000, 0.949, 0.346, 0.891, 0.000, 0.940, 0.371, 0.545, 0.315, 0.127, 0.000, 0.408, 0.929, 0.115, 0.923, 0.137, 1.000, 0.014, 0.984, 0.000, 0.422, 0.479
Wed Feb 11 19:25:50 EST 2026 -- Cartesian product; going for p: 0 (0 out of 237)
Wed Feb 11 19:25:50 EST 2026 -- Cartesian product; going for p: 1 (0 out of 237)
Wed Feb 11 19:25:50 EST 2026 -- Cartesian product; going for p: 2 (0 out of 237)
Wed Feb 11 19:25:50 EST 2026 -- Cartesian product; going for p: 3 (0 out of 237)
Wed Feb 11 19:25:52 EST 2026 -- Cartesian product; going for p: 4 (0 out of 237)
Wed Feb 11 19:25:52 EST 2026 -- Cartesian product; going for p: 5 (0 out of 237)
Wed Feb 11 19:25:52 EST 2026 -- Cartesian product; going for p: 6 (0 out of 237)
Wed Feb 11 19:25:55 EST 2026 -- Cartesian product; going for p: 7 (0 out of 237)
Wed Feb 11 19:25:58 EST 2026 -- Cartesian product; going for p: 8 (0 out of 237)
Wed Feb 11 19:26:04 EST 2026 -- Cartesian product; going for p: 9 (0 out of 237)
Wed Feb 11 19:26:04 EST 2026 -- Cartesian product; going for p: 10 (0 out of 237)
Wed Feb 11 19:26:04 EST 2026 -- Cartesian product; going for p: 11 (0 out of 237)
Wed Feb 11 19:26:04 EST 2026 -- Cartesian product; going for p: 12 (0 out of 237)
Wed Feb 11 19:26:05 EST 2026 -- Cartesian product; going for p: 13 (0 out of 237)
Wed Feb 11 19:26:09 EST 2026 -- Cartesian product; going for p: 14 (0 out of 237)
Wed Feb 11 19:26:09 EST 2026 -- Cartesian product; going for p: 15 (0 out of 237)
Wed Feb 11 19:26:10 EST 2026 -- Cartesian product; going for p: 16 (0 out of 237)
Wed Feb 11 19:26:10 EST 2026 -- Cartesian product; going for p: 17 (0 out of 237)
Wed Feb 11 19:26:13 EST 2026 -- Cartesian product; going for p: 18 (0 out of 237)
Wed Feb 11 19:26:13 EST 2026 -- Cartesian product; going for p: 19 (0 out of 237)
Wed Feb 11 19:26:17 EST 2026 -- Cartesian product; going for p: 20 (0 out of 237)
Wed Feb 11 19:26:18 EST 2026 -- Cartesian product; going for p: 21 (0 out of 237)
Wed Feb 11 19:26:18 EST 2026 -- Cartesian product; going for p: 22 (0 out of 237)
Wed Feb 11 19:26:19 EST 2026 -- Cartesian product; going for p: 23 (0 out of 237)
Wed Feb 11 19:26:19 EST 2026 -- Cartesian product; going for p: 24 (0 out of 237)
Wed Feb 11 19:26:19 EST 2026 -- Cartesian product; going for p: 25 (0 out of 237)
Wed Feb 11 19:26:19 EST 2026 -- Cartesian product; going for p: 26 (0 out of 237)
Wed Feb 11 19:26:20 EST 2026 -- Cartesian product; going for p: 27 (0 out of 237)
Wed Feb 11 19:26:20 EST 2026 -- Cartesian product; going for p: 28 (0 out of 237)
Wed Feb 11 19:26:20 EST 2026 -- Cartesian product; going for p: 29 (0 out of 237)
Wed Feb 11 19:26:20 EST 2026 -- Cartesian product; going for p: 30 (0 out of 237)
Wed Feb 11 19:26:20 EST 2026 -- Cartesian product; going for p: 31 (0 out of 237)
Wed Feb 11 19:26:22 EST 2026 -- Cartesian product; going for p: 32 (0 out of 237)
Wed Feb 11 19:26:22 EST 2026 -- Cartesian product; going for p: 33 (0 out of 237)
Wed Feb 11 19:26:22 EST 2026 -- Cartesian product; going for p: 34 (0 out of 237)
Wed Feb 11 19:26:22 EST 2026 -- Cartesian product; going for p: 35 (0 out of 237)
Wed Feb 11 19:26:22 EST 2026 -- Cartesian product; going for p: 36 (0 out of 237)
Wed Feb 11 19:26:22 EST 2026 -- Cartesian product; going for p: 37 (0 out of 237)
Wed Feb 11 19:26:22 EST 2026 -- Cartesian product; going for p: 38 (0 out of 237)
Wed Feb 11 19:26:23 EST 2026 -- Cartesian product; going for p: 39 (0 out of 237)
Wed Feb 11 19:26:23 EST 2026 -- Cartesian product; going for p: 40 (0 out of 237)
Wed Feb 11 19:26:23 EST 2026 -- Cartesian product; going for p: 41 (0 out of 237)
Wed Feb 11 19:26:23 EST 2026 -- Cartesian product; going for p: 42 (0 out of 237)
Wed Feb 11 19:26:23 EST 2026 -- Cartesian product; going for p: 43 (0 out of 237)
Wed Feb 11 19:26:24 EST 2026 -- Cartesian product; going for p: 44 (0 out of 237)
Wed Feb 11 19:26:24 EST 2026 -- Cartesian product; going for p: 45 (0 out of 237)
Wed Feb 11 19:26:24 EST 2026 -- Cartesian product; going for p: 46 (0 out of 237)
Wed Feb 11 19:26:24 EST 2026 -- Cartesian product; going for p: 47 (0 out of 237)
Wed Feb 11 19:26:25 EST 2026 -- Cartesian product; going for p: 48 (0 out of 237)
Wed Feb 11 19:26:25 EST 2026 -- Cartesian product; going for p: 49 (0 out of 237)
Wed Feb 11 19:26:25 EST 2026 -- Cartesian product; going for p: 50 (0 out of 237)
Wed Feb 11 19:26:25 EST 2026 -- Cartesian product; going for p: 51 (0 out of 237)
Wed Feb 11 19:26:25 EST 2026 -- Cartesian product; going for p: 52 (0 out of 237)
Wed Feb 11 19:26:25 EST 2026 -- Cartesian product; going for p: 53 (0 out of 237)
Wed Feb 11 19:26:25 EST 2026 -- Cartesian product; going for p: 54 (0 out of 237)
woah there pardner
Wed Feb 11 19:26:25 EST 2026 -- Cartesian product; going for p: 55 (0 out of 237)
Wed Feb 11 19:26:25 EST 2026 -- Cartesian product; going for p: 56 (0 out of 237)
Wed Feb 11 19:26:25 EST 2026 -- Cartesian product; going for p: 57 (0 out of 237)
Wed Feb 11 19:26:25 EST 2026 -- Cartesian product; going for p: 58 (0 out of 237)
Wed Feb 11 19:26:25 EST 2026 -- Cartesian product; going for p: 59 (0 out of 237)
Wed Feb 11 19:26:25 EST 2026 -- Cartesian product; going for p: 60 (0 out of 237)
Wed Feb 11 19:26:25 EST 2026 -- Cartesian product; going for p: 61 (0 out of 237)
Wed Feb 11 19:26:25 EST 2026 -- Cartesian product; going for p: 62 (0 out of 237)
Wed Feb 11 19:26:25 EST 2026 -- Cartesian product; going for p: 63 (0 out of 237)
Wed Feb 11 19:26:25 EST 2026 -- Cartesian product; going for p: 64 (0 out of 237)
Wed Feb 11 19:26:25 EST 2026 -- Cartesian product; going for p: 65 (0 out of 237)
Wed Feb 11 19:26:25 EST 2026 -- Cartesian product; going for p: 66 (0 out of 237)
Wed Feb 11 19:26:26 EST 2026 -- Cartesian product; going for p: 67 (0 out of 237)
Wed Feb 11 19:26:26 EST 2026 -- Cartesian product; going for p: 68 (0 out of 237)
Wed Feb 11 19:26:26 EST 2026 -- Cartesian product; going for p: 69 (0 out of 237)
Wed Feb 11 19:26:26 EST 2026 -- Cartesian product; going for p: 70 (0 out of 237)
Wed Feb 11 19:26:26 EST 2026 -- Cartesian product; going for p: 71 (0 out of 237)
Wed Feb 11 19:26:26 EST 2026 -- Cartesian product; going for p: 72 (0 out of 237)
Wed Feb 11 19:26:26 EST 2026 -- Cartesian product; going for p: 73 (0 out of 237)
Wed Feb 11 19:26:26 EST 2026 -- Cartesian product; going for p: 74 (0 out of 237)
Wed Feb 11 19:26:26 EST 2026 -- Cartesian product; going for p: 75 (0 out of 237)
Wed Feb 11 19:26:26 EST 2026 -- Cartesian product; going for p: 76 (0 out of 237)
Wed Feb 11 19:26:26 EST 2026 -- Cartesian product; going for p: 77 (0 out of 237)
Wed Feb 11 19:26:26 EST 2026 -- Cartesian product; going for p: 78 (0 out of 237)
Wed Feb 11 19:26:26 EST 2026 -- Cartesian product; going for p: 79 (0 out of 237)
Wed Feb 11 19:26:26 EST 2026 -- Cartesian product; going for p: 80 (0 out of 237)
Wed Feb 11 19:26:26 EST 2026 -- Cartesian product; going for p: 81 (0 out of 237)
Wed Feb 11 19:26:27 EST 2026 -- Cartesian product; going for p: 82 (0 out of 237)
Wed Feb 11 19:26:27 EST 2026 -- Cartesian product; going for p: 83 (0 out of 237)
Wed Feb 11 19:26:27 EST 2026 -- Cartesian product; going for p: 84 (0 out of 237)
Wed Feb 11 19:26:27 EST 2026 -- Cartesian product; going for p: 85 (0 out of 237)
Wed Feb 11 19:26:27 EST 2026 -- Cartesian product; going for p: 86 (0 out of 237)
Wed Feb 11 19:26:27 EST 2026 -- Cartesian product; going for p: 87 (0 out of 237)
Wed Feb 11 19:26:27 EST 2026 -- Cartesian product; going for p: 88 (0 out of 237)
Wed Feb 11 19:26:27 EST 2026 -- Cartesian product; going for p: 89 (0 out of 237)
Wed Feb 11 19:26:27 EST 2026 -- Cartesian product; going for p: 90 (0 out of 237)
Wed Feb 11 19:26:27 EST 2026 -- Cartesian product; going for p: 91 (0 out of 237)
Wed Feb 11 19:26:27 EST 2026 -- Cartesian product; going for p: 92 (0 out of 237)
Wed Feb 11 19:26:27 EST 2026 -- Cartesian product; going for p: 93 (0 out of 237)
Wed Feb 11 19:26:27 EST 2026 -- Cartesian product; going for p: 94 (0 out of 237)
Wed Feb 11 19:26:27 EST 2026 -- Cartesian product; going for p: 95 (0 out of 237)
Wed Feb 11 19:26:27 EST 2026 -- Cartesian product; going for p: 96 (0 out of 237)
Wed Feb 11 19:26:27 EST 2026 -- Cartesian product; going for p: 97 (0 out of 237)
Wed Feb 11 19:26:27 EST 2026 -- Cartesian product; going for p: 98 (0 out of 237)
Wed Feb 11 19:26:27 EST 2026 -- Cartesian product; going for p: 99 (0 out of 237)
Wed Feb 11 19:26:27 EST 2026 -- Cartesian product; going for p: 100 (0 out of 237)
Wed Feb 11 19:26:27 EST 2026 -- Cartesian product; going for p: 101 (0 out of 237)
Wed Feb 11 19:26:27 EST 2026 -- Cartesian product; going for p: 102 (0 out of 237)
Wed Feb 11 19:26:27 EST 2026 -- Cartesian product; going for p: 103 (0 out of 237)
Wed Feb 11 19:26:27 EST 2026 -- Cartesian product; going for p: 104 (0 out of 237)
Wed Feb 11 19:26:27 EST 2026 -- Cartesian product; going for p: 105 (0 out of 237)
Wed Feb 11 19:26:27 EST 2026 -- Cartesian product; going for p: 106 (0 out of 237)
Wed Feb 11 19:26:27 EST 2026 -- Cartesian product; going for p: 107 (0 out of 237)
Wed Feb 11 19:26:27 EST 2026 -- Cartesian product; going for p: 108 (0 out of 237)
Wed Feb 11 19:26:27 EST 2026 -- Cartesian product; going for p: 109 (0 out of 237)
Wed Feb 11 19:26:27 EST 2026 -- Cartesian product; going for p: 110 (0 out of 237)
Wed Feb 11 19:26:27 EST 2026 -- Cartesian product; going for p: 111 (0 out of 237)
Wed Feb 11 19:26:27 EST 2026 -- Cartesian product; going for p: 112 (0 out of 237)
Wed Feb 11 19:26:27 EST 2026 -- Cartesian product; going for p: 113 (0 out of 237)
Wed Feb 11 19:26:27 EST 2026 -- Cartesian product; going for p: 114 (0 out of 237)
Wed Feb 11 19:26:27 EST 2026 -- Cartesian product; going for p: 115 (0 out of 237)
Wed Feb 11 19:26:27 EST 2026 -- Cartesian product; going for p: 116 (0 out of 237)
Wed Feb 11 19:26:27 EST 2026 -- Cartesian product; going for p: 117 (0 out of 237)
Wed Feb 11 19:26:27 EST 2026 -- Cartesian product; going for p: 118 (0 out of 237)
Wed Feb 11 19:26:27 EST 2026 -- Cartesian product; going for p: 119 (0 out of 237)
Wed Feb 11 19:26:27 EST 2026 -- Cartesian product; going for p: 120 (0 out of 237)
Wed Feb 11 19:26:27 EST 2026 -- Cartesian product; going for p: 121 (0 out of 237)
Wed Feb 11 19:26:27 EST 2026 -- Cartesian product; going for p: 122 (0 out of 237)
Wed Feb 11 19:26:27 EST 2026 -- Cartesian product; going for p: 123 (0 out of 237)
Wed Feb 11 19:26:27 EST 2026 -- Cartesian product; going for p: 124 (0 out of 237)
Wed Feb 11 19:26:27 EST 2026 -- Cartesian product; going for p: 125 (0 out of 237)
Wed Feb 11 19:26:27 EST 2026 -- Cartesian product; going for p: 126 (0 out of 237)
Wed Feb 11 19:26:27 EST 2026 -- Cartesian product; going for p: 127 (0 out of 237)
Wed Feb 11 19:26:27 EST 2026 -- Cartesian product; going for p: 128 (0 out of 237)
Wed Feb 11 19:26:27 EST 2026 -- Cartesian product; going for p: 129 (0 out of 237)
Wed Feb 11 19:26:27 EST 2026 -- Cartesian product; going for p: 130 (0 out of 237)
Wed Feb 11 19:26:28 EST 2026 -- Cartesian product; going for p: 131 (0 out of 237)
Wed Feb 11 19:26:28 EST 2026 -- Cartesian product; going for p: 132 (0 out of 237)
Wed Feb 11 19:26:28 EST 2026 -- Cartesian product; going for p: 133 (0 out of 237)
Wed Feb 11 19:26:28 EST 2026 -- Cartesian product; going for p: 134 (0 out of 237)
Wed Feb 11 19:26:28 EST 2026 -- Cartesian product; going for p: 135 (0 out of 237)
Wed Feb 11 19:26:28 EST 2026 -- Cartesian product; going for p: 136 (0 out of 237)
Wed Feb 11 19:26:28 EST 2026 -- Cartesian product; going for p: 137 (0 out of 237)
Wed Feb 11 19:26:28 EST 2026 -- Cartesian product; going for p: 138 (0 out of 237)
Wed Feb 11 19:26:28 EST 2026 -- Cartesian product; going for p: 139 (0 out of 237)
Wed Feb 11 19:26:28 EST 2026 -- Cartesian product; going for p: 140 (0 out of 237)
Wed Feb 11 19:26:28 EST 2026 -- Cartesian product; going for p: 141 (0 out of 237)
Wed Feb 11 19:26:28 EST 2026 -- Cartesian product; going for p: 142 (0 out of 237)
Wed Feb 11 19:26:28 EST 2026 -- Cartesian product; going for p: 143 (0 out of 237)
Wed Feb 11 19:26:28 EST 2026 -- Cartesian product; going for p: 144 (0 out of 237)
Wed Feb 11 19:26:28 EST 2026 -- Cartesian product; going for p: 145 (0 out of 237)
Wed Feb 11 19:26:28 EST 2026 -- Cartesian product; going for p: 146 (0 out of 237)
Wed Feb 11 19:26:28 EST 2026 -- Cartesian product; going for p: 147 (0 out of 237)
Wed Feb 11 19:26:28 EST 2026 -- Cartesian product; going for p: 148 (0 out of 237)
Wed Feb 11 19:26:28 EST 2026 -- Cartesian product; going for p: 149 (0 out of 237)
Wed Feb 11 19:26:28 EST 2026 -- Cartesian product; going for p: 150 (0 out of 237)
Wed Feb 11 19:26:28 EST 2026 -- Cartesian product; going for p: 151 (0 out of 237)
Wed Feb 11 19:26:28 EST 2026 -- Cartesian product; going for p: 152 (0 out of 237)
Wed Feb 11 19:26:28 EST 2026 -- Cartesian product; going for p: 153 (0 out of 237)
Wed Feb 11 19:26:28 EST 2026 -- Cartesian product; going for p: 154 (0 out of 237)
Wed Feb 11 19:26:28 EST 2026 -- Cartesian product; going for p: 155 (0 out of 237)
Wed Feb 11 19:26:28 EST 2026 -- Cartesian product; going for p: 156 (0 out of 237)
Wed Feb 11 19:26:28 EST 2026 -- Cartesian product; going for p: 157 (0 out of 237)
Wed Feb 11 19:26:28 EST 2026 -- Cartesian product; going for p: 158 (0 out of 237)
Wed Feb 11 19:26:28 EST 2026 -- Cartesian product; going for p: 159 (0 out of 237)
Wed Feb 11 19:26:28 EST 2026 -- Cartesian product; going for p: 160 (0 out of 237)
Wed Feb 11 19:26:28 EST 2026 -- Cartesian product; going for p: 161 (0 out of 237)
Wed Feb 11 19:26:28 EST 2026 -- Cartesian product; going for p: 162 (0 out of 237)
Wed Feb 11 19:26:28 EST 2026 -- Cartesian product; going for p: 163 (0 out of 237)
Wed Feb 11 19:26:28 EST 2026 -- Cartesian product; going for p: 164 (0 out of 237)
Wed Feb 11 19:26:28 EST 2026 -- Cartesian product; going for p: 165 (0 out of 237)
Wed Feb 11 19:26:28 EST 2026 -- Cartesian product; going for p: 166 (0 out of 237)
Wed Feb 11 19:26:28 EST 2026 -- Cartesian product; going for p: 167 (0 out of 237)
Wed Feb 11 19:26:28 EST 2026 -- Cartesian product; going for p: 168 (0 out of 237)
Wed Feb 11 19:26:28 EST 2026 -- Cartesian product; going for p: 169 (0 out of 237)
Wed Feb 11 19:26:28 EST 2026 -- Cartesian product; going for p: 170 (0 out of 237)
Wed Feb 11 19:26:28 EST 2026 -- Cartesian product; going for p: 171 (0 out of 237)
Wed Feb 11 19:26:28 EST 2026 -- Cartesian product; going for p: 172 (0 out of 237)
Wed Feb 11 19:26:28 EST 2026 -- Cartesian product; going for p: 173 (0 out of 237)
Wed Feb 11 19:26:28 EST 2026 -- Cartesian product; going for p: 174 (0 out of 237)
Wed Feb 11 19:26:28 EST 2026 -- Cartesian product; going for p: 175 (0 out of 237)
Wed Feb 11 19:26:28 EST 2026 -- Cartesian product; going for p: 176 (0 out of 237)
Wed Feb 11 19:26:28 EST 2026 -- Cartesian product; going for p: 177 (0 out of 237)
Wed Feb 11 19:26:28 EST 2026 -- Cartesian product; going for p: 178 (0 out of 237)
Wed Feb 11 19:26:28 EST 2026 -- Cartesian product; going for p: 179 (0 out of 237)
Wed Feb 11 19:26:28 EST 2026 -- Cartesian product; going for p: 180 (0 out of 237)
Wed Feb 11 19:26:28 EST 2026 -- Cartesian product; going for p: 181 (0 out of 237)
Wed Feb 11 19:26:28 EST 2026 -- Cartesian product; going for p: 182 (0 out of 237)
Wed Feb 11 19:26:28 EST 2026 -- Cartesian product; going for p: 183 (0 out of 237)
Wed Feb 11 19:26:28 EST 2026 -- Cartesian product; going for p: 184 (0 out of 237)
Wed Feb 11 19:26:28 EST 2026 -- Cartesian product; going for p: 185 (0 out of 237)
Wed Feb 11 19:26:28 EST 2026 -- Cartesian product; going for p: 186 (0 out of 237)
Wed Feb 11 19:26:28 EST 2026 -- Cartesian product; going for p: 187 (0 out of 237)
Wed Feb 11 19:26:28 EST 2026 -- Cartesian product; going for p: 188 (0 out of 237)
Wed Feb 11 19:26:28 EST 2026 -- Cartesian product; going for p: 189 (0 out of 237)
Wed Feb 11 19:26:28 EST 2026 -- Cartesian product; going for p: 190 (0 out of 237)
Wed Feb 11 19:26:28 EST 2026 -- Cartesian product; going for p: 191 (0 out of 237)
Wed Feb 11 19:26:28 EST 2026 -- Cartesian product; going for p: 192 (0 out of 237)
Wed Feb 11 19:26:28 EST 2026 -- Cartesian product; going for p: 193 (0 out of 237)
Wed Feb 11 19:26:28 EST 2026 -- Cartesian product; going for p: 194 (0 out of 237)
Wed Feb 11 19:26:28 EST 2026 -- Cartesian product; going for p: 195 (0 out of 237)
Wed Feb 11 19:26:28 EST 2026 -- Cartesian product; going for p: 196 (0 out of 237)
Wed Feb 11 19:26:28 EST 2026 -- Cartesian product; going for p: 197 (0 out of 237)
Wed Feb 11 19:26:28 EST 2026 -- Cartesian product; going for p: 198 (0 out of 237)
Wed Feb 11 19:26:28 EST 2026 -- Cartesian product; going for p: 199 (0 out of 237)
Wed Feb 11 19:26:28 EST 2026 -- Cartesian product; going for p: 200 (0 out of 237)
Wed Feb 11 19:26:28 EST 2026 -- Cartesian product; going for p: 201 (0 out of 237)
Wed Feb 11 19:26:28 EST 2026 -- Cartesian product; going for p: 202 (0 out of 237)
Wed Feb 11 19:26:28 EST 2026 -- Cartesian product; going for p: 203 (0 out of 237)
Wed Feb 11 19:26:28 EST 2026 -- Cartesian product; going for p: 204 (0 out of 237)
Wed Feb 11 19:26:28 EST 2026 -- Cartesian product; going for p: 205 (0 out of 237)
Wed Feb 11 19:26:28 EST 2026 -- Cartesian product; going for p: 206 (0 out of 237)
Wed Feb 11 19:26:28 EST 2026 -- Cartesian product; going for p: 207 (0 out of 237)
Wed Feb 11 19:26:28 EST 2026 -- Cartesian product; going for p: 208 (0 out of 237)
Wed Feb 11 19:26:28 EST 2026 -- Cartesian product; going for p: 209 (0 out of 237)
Wed Feb 11 19:26:28 EST 2026 -- Cartesian product; going for p: 210 (0 out of 237)
Wed Feb 11 19:26:28 EST 2026 -- Cartesian product; going for p: 211 (0 out of 237)
Wed Feb 11 19:26:28 EST 2026 -- Cartesian product; going for p: 212 (0 out of 237)
Wed Feb 11 19:26:28 EST 2026 -- Cartesian product; going for p: 213 (0 out of 237)
Wed Feb 11 19:26:28 EST 2026 -- Cartesian product; going for p: 214 (0 out of 237)
Wed Feb 11 19:26:28 EST 2026 -- Cartesian product; going for p: 215 (0 out of 237)
Wed Feb 11 19:26:28 EST 2026 -- Cartesian product; going for p: 216 (0 out of 237)
Wed Feb 11 19:26:28 EST 2026 -- Cartesian product; going for p: 217 (0 out of 237)
Wed Feb 11 19:26:28 EST 2026 -- Cartesian product; going for p: 218 (0 out of 237)
Wed Feb 11 19:26:28 EST 2026 -- Cartesian product; going for p: 219 (0 out of 237)
Wed Feb 11 19:26:28 EST 2026 -- Cartesian product; going for p: 220 (0 out of 237)
Wed Feb 11 19:26:28 EST 2026 -- Cartesian product; going for p: 221 (0 out of 237)
Wed Feb 11 19:26:28 EST 2026 -- Cartesian product; going for p: 222 (0 out of 237)
Wed Feb 11 19:26:28 EST 2026 -- Cartesian product; going for p: 223 (0 out of 237)
Wed Feb 11 19:26:28 EST 2026 -- Cartesian product; going for p: 224 (0 out of 237)
Wed Feb 11 19:26:28 EST 2026 -- Cartesian product; going for p: 225 (0 out of 237)
Wed Feb 11 19:26:28 EST 2026 -- Cartesian product; going for p: 226 (0 out of 237)
Wed Feb 11 19:26:28 EST 2026 -- Cartesian product; going for p: 227 (0 out of 237)
Wed Feb 11 19:26:28 EST 2026 -- Cartesian product; going for p: 228 (0 out of 237)
Wed Feb 11 19:26:28 EST 2026 -- Cartesian product; going for p: 229 (0 out of 237)
Wed Feb 11 19:26:28 EST 2026 -- Cartesian product; going for p: 230 (0 out of 237)
Wed Feb 11 19:26:28 EST 2026 -- Cartesian product; going for p: 231 (0 out of 237)
Wed Feb 11 19:26:28 EST 2026 -- Cartesian product; going for p: 232 (0 out of 237)
Wed Feb 11 19:26:28 EST 2026 -- Cartesian product; going for p: 233 (0 out of 237)
Wed Feb 11 19:26:28 EST 2026 -- Cartesian product; going for p: 234 (0 out of 237)
Wed Feb 11 19:26:28 EST 2026 -- Cartesian product; going for p: 235 (0 out of 237)
Wed Feb 11 19:26:28 EST 2026 -- Cartesian product; going for p: 236 (0 out of 237)
Measurements (Confidence) for Cartesian Product Anomalies:
0.276, 0.003, 0.013, 0.003, 0.432, 0.508, 0.003, 0.028, 0.003, 0.186, 0.093, 0.035, 0.001, 0.060, 0.017, 0.002, 0.007, 0.018, 0.167, 0.009, 0.020, 0.008, 0.001, 0.108, 0.000, 0.000, 0.126, 0.011, 0.013, 0.216, 0.013, 0.037, 0.014, 0.000, 0.000, 0.336, 0.350, 0.064, 0.001, 0.000, 0.012, 0.036, 0.036, 0.000, 0.037, 0.002, 0.019, 0.004, 0.003, 0.345, 0.005, 0.012, 0.015, 0.001, 0.001, 0.014, 0.000, 0.077, 0.003, 0.002, 0.000, 0.090, 0.000, 0.007, 0.249, 0.289, 0.001, 0.041, 0.041, 0.208, 0.025, 0.007, 0.084, 0.766, 0.012, 0.267, 0.020, 0.002, 0.000, 0.118, 0.000, 0.000, 0.006, 0.000, 0.002, 0.044, 0.010, 0.000, 0.020, 0.165, 0.162, 0.000, 0.085, 0.180, 0.000, 0.106, 0.280, 0.009, 0.661, 0.159, 0.015, 0.040, 0.000, 0.009, 0.170, 0.000, 0.003, 0.043, 0.000, 0.001, 0.000, 0.000, 0.215, 0.345, 0.722, 0.011, 0.001, 0.532, 0.000, 0.003, 0.000, 0.043, 0.013, 0.002, 0.033, 0.008, 0.011, 0.000, 0.000, 0.002, 0.069, 0.051, 0.000, 0.000, 0.034, 0.000, 0.003, 0.766, 0.003, 0.001, 0.006, 0.013, 0.519, 0.000, 0.000, 0.005, 0.000, 0.005, 0.970, 0.006, 0.018, 0.022, 0.105, 0.005, 0.003, 0.001, 0.959, 0.055, 0.011, 0.002, 0.001, 0.011, 0.008, 0.010, 0.001, 0.010, 0.000, 0.000, 0.228, 0.550, 0.021, 1.000, 0.072, 0.018, 0.293, 0.003, 0.668, 0.025, 0.142, 0.066, 0.306, 0.001, 0.000, 0.001, 0.000, 0.013, 0.005, 0.013, 0.038, 0.028, 0.000, 0.018, 0.000, 0.027, 0.000, 0.000, 0.002, 0.295, 0.035, 0.001, 0.170, 0.002, 0.005, 0.019, 0.533, 0.000, 0.000, 0.004, 0.000, 0.000, 0.000, 0.035, 0.007, 0.000, 0.049, 0.038, 0.144, 0.191, 0.041, 0.000, 0.497, 0.010, 0.019, 0.014, 0.001, 0.000, 0.002, 0.036, 0.000, 0.044, 0.000, 0.792, 0.007, 0.104, 0.000, 0.021, 0.007

Done
