Analyzing WN18RR for redundancies in: (true, true, true)
Number of predicates P: 11
Adding 86835 triples to a new hash map from train2id.txt
Adding 3034 triples to a new hash map from valid2id.txt
Adding 3134 triples to a new hash map from test2id.txt
Measurements (Head Coverage) for Near-Same Anomalies: 
0.001, 0.001, 0.000, 0.004, 0.003, 0.008, 0.001, 0.000, 0.007, 0.016, 0.000
Measurements (Head Coverage) for Near-Reverse Anomalies: 
0.001, 0.001, 0.000, 0.032, 0.003, 0.008, 0.002, 0.000, 0.001, 0.016, 0.000
Transitive Measurements (Head Coverage): 
0.001, 0.032, 0.000, 0.186, 0.000, 0.003, 0.030, 0.000, 0.000, 0.025, 0.000
Measurements (Head Coverage) for Symmetric Anomalies: 
0.000, 1.000, 0.000, 0.678, 0.000, 0.001, 0.000, 0.000, 0.000, 1.000, 1.000
Measurements (Head Coverage) for N:1 Relations: 
0.884, 0.727, 0.937, 0.645, 0.016, 0.970, 0.306, 0.113, 0.105, 0.278, 0.081
Measurements (Head Coverage) for 1:N Relations: 
0.046, 0.727, 0.317, 0.727, 0.745, 0.093, 0.752, 0.994, 0.943, 0.278, 0.081
Wed Feb 11 19:26:50 EST 2026 -- Cartesian product; going for p: 0 (0 out of 11)
Wed Feb 11 19:27:43 EST 2026 -- Cartesian product; going for p: 1 (0 out of 11)
Wed Feb 11 19:28:28 EST 2026 -- Cartesian product; going for p: 2 (0 out of 11)
Wed Feb 11 19:28:28 EST 2026 -- Cartesian product; going for p: 3 (0 out of 11)
Wed Feb 11 19:28:28 EST 2026 -- Cartesian product; going for p: 4 (0 out of 11)
Wed Feb 11 19:28:30 EST 2026 -- Cartesian product; going for p: 5 (0 out of 11)
Wed Feb 11 19:28:30 EST 2026 -- Cartesian product; going for p: 6 (0 out of 11)
Wed Feb 11 19:28:31 EST 2026 -- Cartesian product; going for p: 7 (0 out of 11)
Wed Feb 11 19:28:31 EST 2026 -- Cartesian product; going for p: 8 (0 out of 11)
Wed Feb 11 19:28:31 EST 2026 -- Cartesian product; going for p: 9 (0 out of 11)
Wed Feb 11 19:28:32 EST 2026 -- Cartesian product; going for p: 10 (0 out of 11)
Measurements (Confidence) for Cartesian Product Anomalies:
0.000, 0.000, 0.001, 0.001, 0.000, 0.000, 0.000, 0.005, 0.001, 0.000, 0.000

Done
