Analyzing Hetionet for redundancies in training & validation.
Number of predicates P: 24
Adding 2238946 triples to a new hash map from train2id.txt
Adding 5626 triples to a new hash map from valid2id.txt
Measurements (Head Coverage) for Near-Same Anomalies: 
0.526, 0.161, 0.864, 0.004, 0.000, 0.001, 0.000, 0.000, 0.000, 0.002, 0.013, 0.015, 0.000, 0.000, 0.000, 0.021, 0.001, 0.005, 0.000, 0.000, 0.000, 0.000, 0.003, 0.000
Measurements (Head Coverage) for Near-Reverse Anomalies: 
0.000, 0.000, 0.000, 0.000, 0.000, 0.000, 0.000, 0.000, 0.000, 0.000, 0.000, 0.000, 0.000, 0.000, 0.000, 0.000, 0.001, 0.005, 0.000, 0.000, 0.000, 0.000, 0.003, 0.000
Transitive Measurements (Head Coverage): 
0.000, 0.000, 0.000, 0.000, 0.000, 0.000, 0.000, 0.732, 0.000, 0.000, 0.000, 0.000, 0.000, 0.000, 0.632, 0.000, 0.438, 0.621, 0.000, 0.000, 0.000, 0.000, 0.817, 0.000
Measurements (Head Coverage) for Symmetric Anomalies: 
0.000, 0.000, 0.000, 0.000, 0.000, 0.000, 0.000, 0.000, 0.000, 0.000, 0.000, 0.000, 0.000, 0.000, 0.000, 0.000, 0.000, 0.000, 0.000, 0.000, 0.000, 0.000, 0.013, 0.000
Measurements (Head Coverage) for N:1 Relations: 
0.985, 0.999, 0.989, 0.931, 0.988, 0.955, 0.974, 0.963, 0.981, 0.939, 0.753, 0.431, 0.996, 0.987, 0.958, 0.462, 0.948, 0.979, 1.000, 1.000, 1.000, 1.000, 0.998, 0.471
Measurements (Head Coverage) for 1:N Relations: 
1.000, 1.000, 1.000, 0.985, 1.000, 0.995, 0.650, 0.963, 0.658, 0.993, 1.000, 1.000, 1.000, 1.000, 0.954, 1.000, 0.950, 0.986, 0.999, 0.978, 0.985, 0.987, 1.000, 0.829
Sat Feb 07 19:52:04 EST 2026 -- Cartesian product; going for p: 0(1 out of 24)
Sat Feb 07 19:58:41 EST 2026 -- Cartesian product; going for p: 1(2 out of 24)
Sun Feb 08 00:30:35 EST 2026 -- Cartesian product; going for p: 2(3 out of 24)
Sun Feb 08 00:35:58 EST 2026 -- Cartesian product; going for p: 3(4 out of 24)
Sun Feb 08 00:36:01 EST 2026 -- Cartesian product; going for p: 4(5 out of 24)
Sun Feb 08 00:44:42 EST 2026 -- Cartesian product; going for p: 5(6 out of 24)
Sun Feb 08 00:44:54 EST 2026 -- Cartesian product; going for p: 6(7 out of 24)
Sun Feb 08 00:44:54 EST 2026 -- Cartesian product; going for p: 7(8 out of 24)
Sun Feb 08 00:44:55 EST 2026 -- Cartesian product; going for p: 8(9 out of 24)
Sun Feb 08 00:44:55 EST 2026 -- Cartesian product; going for p: 9(10 out of 24)
Sun Feb 08 00:45:04 EST 2026 -- Cartesian product; going for p: 10(11 out of 24)
Sun Feb 08 00:45:08 EST 2026 -- Cartesian product; going for p: 11(12 out of 24)
Sun Feb 08 00:45:09 EST 2026 -- Cartesian product; going for p: 12(13 out of 24)
Sun Feb 08 00:45:10 EST 2026 -- Cartesian product; going for p: 13(14 out of 24)
Sun Feb 08 00:45:10 EST 2026 -- Cartesian product; going for p: 14(15 out of 24)
Sun Feb 08 00:45:10 EST 2026 -- Cartesian product; going for p: 15(16 out of 24)
Sun Feb 08 00:45:11 EST 2026 -- Cartesian product; going for p: 16(17 out of 24)
Sun Feb 08 00:47:14 EST 2026 -- Cartesian product; going for p: 17(18 out of 24)
Sun Feb 08 01:01:39 EST 2026 -- Cartesian product; going for p: 18(19 out of 24)
Sun Feb 08 06:14:10 EST 2026 -- Cartesian product; going for p: 19(20 out of 24)
Sun Feb 08 06:16:36 EST 2026 -- Cartesian product; going for p: 20(21 out of 24)
Sun Feb 08 06:21:21 EST 2026 -- Cartesian product; going for p: 21(22 out of 24)
Sun Feb 08 06:24:49 EST 2026 -- Cartesian product; going for p: 22(23 out of 24)
Sun Feb 08 07:17:30 EST 2026 -- Cartesian product; going for p: 23(24 out of 24)
Measurements (Confidence) for Cartesian Product Anomalies:
0.185, 0.120, 0.169, 0.005, 0.022, 0.009, 0.023, 0.006, 0.016, 0.008, 0.013, 0.013, 0.068, 0.060, 0.042, 0.015, 0.001, 0.001, 0.003, 0.005, 0.003, 0.005, 0.008, 0.002

Done
