Analyzing BioKG for redundancies in: (true, false, false)
Number of predicates P: 17
Adding 2057658 triples to a new hash map from train2id.txt
Measurements (Head Coverage) for Near-Same Anomalies: 
0.000, 0.000, 0.000, 0.000, 0.000, 0.541, 0.996, 0.000, 0.996, 0.000, 0.997, 0.996, 0.000, 0.000, 0.000, 0.000, 0.000
Measurements (Head Coverage) for Near-Reverse Anomalies: 
0.000, 0.000, 0.000, 0.000, 0.000, 0.000, 0.000, 0.000, 0.000, 0.000, 0.000, 0.000, 0.000, 0.000, 0.000, 0.000, 0.000
Transitive Measurements (Head Coverage): 
0.000, 0.000, 0.992, 0.000, 0.000, 0.000, 0.000, 0.000, 0.000, 0.000, 0.000, 0.000, 0.000, 0.929, 0.000, 0.000, 0.000
Measurements (Head Coverage) for Symmetric Anomalies: 
0.000, 0.000, 0.000, 0.000, 0.000, 0.000, 0.000, 0.000, 0.000, 0.000, 0.000, 0.000, 0.000, 0.000, 0.000, 0.000, 0.000
Measurements (Head Coverage) for N:1 Relations: 
0.994, 1.000, 1.000, 0.683, 0.956, 0.950, 0.940, 0.990, 0.960, 0.939, 0.910, 0.965, 0.958, 0.945, 0.998, 0.991, 0.083
Measurements (Head Coverage) for 1:N Relations: 
0.538, 0.284, 1.000, 0.863, 1.000, 0.868, 0.516, 0.990, 0.852, 0.879, 0.739, 0.866, 0.969, 0.930, 0.918, 0.944, 0.001
Wed Feb 11 19:37:59 EST 2026 -- Cartesian product; going for p: 0 (0 out of 17)
Wed Feb 11 19:38:10 EST 2026 -- Cartesian product; going for p: 1 (0 out of 17)
Wed Feb 11 19:38:14 EST 2026 -- Cartesian product; going for p: 2 (0 out of 17)
Fri Feb 13 02:36:07 EST 2026 -- Cartesian product; going for p: 3 (0 out of 17)
Fri Feb 13 02:36:08 EST 2026 -- Cartesian product; going for p: 4 (0 out of 17)
Fri Feb 13 02:36:08 EST 2026 -- Cartesian product; going for p: 5 (0 out of 17)
Fri Feb 13 02:36:28 EST 2026 -- Cartesian product; going for p: 6 (0 out of 17)
Fri Feb 13 02:36:28 EST 2026 -- Cartesian product; going for p: 7 (0 out of 17)
Fri Feb 13 02:38:17 EST 2026 -- Cartesian product; going for p: 8 (0 out of 17)
Fri Feb 13 02:38:18 EST 2026 -- Cartesian product; going for p: 9 (0 out of 17)
Fri Feb 13 02:38:18 EST 2026 -- Cartesian product; going for p: 10 (0 out of 17)
Fri Feb 13 02:38:25 EST 2026 -- Cartesian product; going for p: 11 (0 out of 17)
Fri Feb 13 02:38:25 EST 2026 -- Cartesian product; going for p: 12 (0 out of 17)
Fri Feb 13 02:42:10 EST 2026 -- Cartesian product; going for p: 13 (0 out of 17)
Fri Feb 13 02:51:36 EST 2026 -- Cartesian product; going for p: 14 (0 out of 17)
Fri Feb 13 02:57:01 EST 2026 -- Cartesian product; going for p: 15 (0 out of 17)
Fri Feb 13 03:54:47 EST 2026 -- Cartesian product; going for p: 16 (0 out of 17)
Measurements (Confidence) for Cartesian Product Anomalies:
0.001, 0.013, 0.079, 0.001, 0.006, 0.001, 0.008, 0.006, 0.006, 0.003, 0.001, 0.010, 0.001, 0.000, 0.001, 0.000, 0.000

Done
