Analyzing FB13 for redundancies in: (true, false, false)
Number of predicates P: 13
Adding 316232 triples to a new hash map from train2id.txt
Measurements (Head Coverage) for Near-Same Anomalies: 
0.004, 0.001, 0.136, 0.000, 0.359, 0.000, 0.009, 0.272, 0.000, 0.004, 0.006, 0.008, 0.007
Measurements (Head Coverage) for Near-Reverse Anomalies: 
0.000, 0.000, 0.000, 0.000, 0.000, 0.000, 0.000, 0.000, 0.000, 0.932, 0.898, 0.006, 0.000
Transitive Measurements (Head Coverage): 
0.000, 0.000, 0.000, 0.000, 0.000, 0.000, 0.000, 0.000, 0.000, 0.008, 0.009, 0.002, 0.000
Measurements (Head Coverage) for Symmetric Anomalies: 
0.000, 0.000, 0.000, 0.000, 0.000, 0.000, 0.000, 0.000, 0.000, 0.004, 0.002, 0.921, 0.000
Measurements (Head Coverage) for N:1 Relations: 
1.000, 1.000, 0.969, 1.000, 0.975, 1.000, 0.999, 0.977, 1.000, 0.555, 0.647, 0.193, 0.998
Measurements (Head Coverage) for 1:N Relations: 
0.187, 0.242, 0.000, 0.474, 0.264, 0.001, 0.120, 0.000, 0.386, 0.648, 0.614, 0.206, 0.167
Wed Feb 11 19:21:46 EST 2026 -- Cartesian product; going for p: 0 (0 out of 13)
Wed Feb 11 19:21:48 EST 2026 -- Cartesian product; going for p: 1 (0 out of 13)
Wed Feb 11 19:21:50 EST 2026 -- Cartesian product; going for p: 2 (0 out of 13)
Wed Feb 11 19:22:34 EST 2026 -- Cartesian product; going for p: 3 (0 out of 13)
Wed Feb 11 19:23:19 EST 2026 -- Cartesian product; going for p: 4 (0 out of 13)
Wed Feb 11 19:23:39 EST 2026 -- Cartesian product; going for p: 5 (0 out of 13)
Wed Feb 11 19:24:13 EST 2026 -- Cartesian product; going for p: 6 (0 out of 13)
Wed Feb 11 19:24:55 EST 2026 -- Cartesian product; going for p: 7 (0 out of 13)
Wed Feb 11 19:25:38 EST 2026 -- Cartesian product; going for p: 8 (0 out of 13)
Wed Feb 11 19:25:43 EST 2026 -- Cartesian product; going for p: 9 (0 out of 13)
Wed Feb 11 19:25:45 EST 2026 -- Cartesian product; going for p: 10 (0 out of 13)
Wed Feb 11 19:25:47 EST 2026 -- Cartesian product; going for p: 11 (0 out of 13)
Wed Feb 11 19:25:48 EST 2026 -- Cartesian product; going for p: 12 (0 out of 13)
Measurements (Confidence) for Cartesian Product Anomalies:
0.002, 0.002, 0.000, 0.001, 0.000, 0.001, 0.001, 0.000, 0.001, 0.000, 0.000, 0.000, 0.001

Done
