Analyzing FB15K237 for redundancies in: (true, false, false)
Number of predicates P: 237
Adding 272115 triples to a new hash map from train2id.txt
Measurements (Head Coverage) for Near-Same Anomalies: 
0.000, 0.199, 0.011, 0.743, 0.810, 0.809, 0.222, 0.001, 0.392, 0.443, 0.000, 0.040, 0.087, 0.083, 0.010, 0.027, 0.088, 0.000, 0.000, 0.000, 0.000, 0.015, 0.000, 0.023, 0.434, 0.000, 0.000, 0.000, 0.447, 0.000, 0.001, 0.006, 0.106, 0.005, 0.000, 0.000, 0.595, 0.011, 0.336, 0.111, 0.669, 0.108, 0.004, 0.000, 0.166, 0.106, 0.000, 0.002, 0.012, 0.000, 0.012, 0.098, 0.000, 0.719, 0.577, 0.000, 0.028, 0.600, 0.018, 0.038, 0.000, 0.000, 0.297, 0.161, 0.000, 0.727, 0.287, 0.000, 0.000, 0.393, 0.000, 0.000, 0.596, 0.000, 0.099, 0.310, 0.000, 0.098, 0.752, 0.000, 0.000, 0.808, 0.001, 0.048, 0.203, 0.000, 0.030, 0.309, 0.359, 0.000, 0.200, 0.000, 0.006, 0.000, 0.003, 0.000, 0.000, 0.257, 0.000, 0.000, 0.017, 0.001, 0.523, 0.000, 0.000, 0.167, 0.020, 0.040, 0.726, 0.299, 0.000, 0.341, 0.002, 0.000, 0.030, 0.003, 0.145, 0.774, 0.000, 0.348, 0.000, 0.000, 0.000, 0.261, 0.000, 0.000, 0.006, 0.130, 0.800, 0.753, 0.001, 0.233, 0.000, 0.211, 0.255, 0.446, 0.074, 0.000, 0.014, 0.711, 0.000, 0.387, 0.000, 0.019, 0.788, 0.582, 0.797, 0.306, 0.000, 0.074, 0.046, 0.008, 0.048, 0.028, 0.000, 0.206, 0.000, 0.000, 0.148, 0.073, 0.283, 0.000, 0.550, 0.047, 0.581, 0.000, 0.695, 0.000, 0.000, 0.820, 0.843, 0.000, 0.000, 0.522, 0.831, 0.183, 0.000, 0.326, 0.680, 0.000, 0.833, 0.000, 0.000, 0.167, 0.209, 0.108, 0.168, 0.252, 0.000, 0.000, 0.635, 0.201, 0.253, 0.422, 0.351, 0.000, 0.169, 0.000, 0.010, 0.394, 0.000, 0.333, 0.035, 0.215, 0.000, 0.738, 0.800, 0.037, 0.807, 0.000, 0.000, 0.000, 0.011, 0.818, 0.000, 0.008, 0.013, 0.000, 0.122, 0.614, 0.000, 0.000, 0.030, 0.198, 0.072, 0.718, 0.168, 0.000, 0.101, 0.012, 0.133, 0.000, 0.116, 0.020, 0.799, 0.450, 0.472
Measurements (Head Coverage) for Near-Reverse Anomalies: 
0.000, 0.350, 0.484, 0.745, 0.808, 0.814, 0.101, 0.234, 0.392, 0.447, 0.000, 0.000, 0.775, 0.003, 0.019, 0.089, 0.566, 0.000, 0.000, 0.319, 0.000, 0.014, 0.007, 0.050, 0.000, 0.000, 0.000, 0.000, 0.065, 0.000, 0.670, 0.178, 0.308, 0.000, 0.000, 0.000, 0.817, 0.000, 0.370, 0.000, 0.000, 0.274, 0.251, 0.000, 0.005, 0.108, 0.000, 0.684, 0.000, 0.803, 0.000, 0.000, 0.001, 0.732, 0.401, 0.000, 0.028, 0.598, 0.017, 0.023, 0.000, 0.000, 0.610, 0.000, 0.000, 0.395, 0.002, 0.000, 0.000, 0.183, 0.391, 0.000, 0.242, 0.000, 0.245, 0.313, 0.006, 0.097, 0.000, 0.000, 0.000, 0.808, 0.000, 0.380, 0.387, 0.000, 0.459, 0.117, 0.000, 0.000, 0.000, 0.000, 0.003, 0.000, 0.015, 0.000, 0.000, 0.258, 0.000, 0.000, 0.004, 0.000, 0.347, 0.000, 0.688, 0.354, 0.003, 0.030, 0.000, 0.493, 0.000, 0.708, 0.000, 0.007, 0.020, 0.000, 0.302, 0.802, 0.000, 0.348, 0.000, 0.000, 0.023, 0.247, 0.001, 0.000, 0.000, 0.817, 0.000, 0.000, 0.527, 0.000, 0.000, 0.756, 0.393, 0.829, 0.127, 0.000, 0.018, 0.000, 0.012, 0.389, 0.815, 0.498, 0.766, 0.365, 0.797, 0.038, 0.000, 0.000, 0.043, 0.000, 0.047, 0.152, 0.000, 0.178, 0.000, 0.431, 0.134, 0.057, 0.004, 0.000, 0.413, 0.003, 0.576, 0.028, 0.000, 0.000, 0.223, 0.820, 0.000, 0.000, 0.000, 0.248, 0.375, 0.160, 0.000, 0.252, 0.688, 0.000, 0.843, 0.000, 0.000, 0.405, 0.399, 0.026, 0.302, 0.262, 0.000, 0.000, 0.685, 0.008, 0.253, 0.032, 0.726, 0.000, 0.157, 0.000, 0.000, 0.029, 0.000, 0.694, 0.000, 0.000, 0.744, 0.879, 0.000, 0.042, 0.000, 0.000, 0.018, 0.022, 0.000, 0.000, 0.000, 0.000, 0.000, 0.000, 0.110, 0.000, 0.000, 0.582, 0.015, 0.535, 0.016, 0.000, 0.066, 0.009, 0.101, 0.000, 0.150, 0.000, 0.009, 0.000, 0.000, 0.430, 0.000
Transitive Measurements (Head Coverage): 
0.000, 0.000, 0.000, 0.871, 0.000, 0.000, 0.000, 0.000, 0.877, 0.997, 0.000, 0.000, 0.000, 0.000, 0.000, 0.334, 0.000, 0.001, 0.000, 0.000, 0.001, 0.370, 0.000, 0.000, 0.000, 0.000, 0.000, 0.000, 0.000, 0.000, 0.000, 0.008, 0.000, 0.000, 0.000, 0.000, 0.000, 0.000, 0.000, 0.000, 0.000, 0.000, 0.000, 0.000, 0.000, 0.118, 0.000, 0.000, 0.000, 0.000, 0.000, 0.000, 0.288, 0.013, 0.000, 0.000, 0.000, 0.893, 0.573, 0.018, 0.000, 0.000, 0.000, 0.000, 1.000, 0.000, 0.000, 0.000, 0.000, 0.000, 0.000, 0.000, 0.000, 0.000, 0.000, 0.998, 0.000, 0.024, 0.000, 0.000, 0.000, 0.000, 0.000, 0.000, 0.000, 0.000, 0.000, 0.000, 0.018, 0.000, 0.000, 0.000, 0.000, 0.000, 0.000, 0.000, 0.000, 0.770, 0.000, 0.000, 0.000, 0.000, 0.000, 0.000, 0.000, 0.000, 0.000, 0.008, 0.000, 0.000, 0.000, 0.000, 0.000, 0.000, 1.000, 0.000, 0.000, 0.000, 0.000, 0.100, 0.000, 0.000, 0.000, 0.000, 0.000, 0.000, 0.000, 0.000, 0.000, 0.000, 0.000, 0.000, 0.000, 0.000, 0.000, 0.000, 0.000, 0.091, 0.005, 0.000, 0.000, 0.728, 0.000, 0.000, 0.000, 0.000, 0.000, 0.000, 0.000, 0.000, 0.000, 0.000, 0.964, 0.000, 0.000, 0.000, 0.000, 0.000, 0.000, 0.000, 0.000, 0.000, 0.000, 0.000, 0.000, 0.000, 0.000, 0.000, 0.089, 0.000, 0.000, 0.000, 0.000, 0.000, 0.000, 0.214, 0.000, 0.000, 0.864, 0.000, 0.922, 0.000, 0.000, 0.000, 0.000, 0.000, 0.000, 0.000, 0.586, 0.000, 0.000, 0.000, 0.000, 0.000, 0.000, 0.000, 0.090, 0.000, 0.000, 0.000, 0.000, 0.000, 0.000, 0.000, 0.000, 0.000, 0.000, 0.094, 0.000, 0.000, 0.000, 0.000, 0.000, 0.000, 0.000, 0.000, 0.136, 0.000, 0.238, 0.000, 0.000, 0.000, 0.000, 0.000, 0.000, 0.000, 0.000, 0.000, 0.051, 0.105, 0.033, 1.000, 0.000, 0.000, 0.000, 0.090, 0.000
Measurements (Head Coverage) for Symmetric Anomalies: 
0.000, 0.000, 0.000, 0.814, 0.000, 0.000, 0.000, 0.000, 0.810, 0.817, 0.000, 0.000, 0.000, 0.000, 0.000, 0.000, 0.000, 0.000, 0.000, 0.000, 0.000, 0.027, 0.000, 0.000, 0.000, 0.000, 0.000, 0.000, 0.000, 0.000, 0.000, 0.000, 0.000, 0.000, 0.000, 0.000, 0.000, 0.000, 0.001, 0.000, 0.000, 0.000, 0.000, 0.000, 0.000, 0.805, 0.000, 0.000, 0.000, 0.000, 0.000, 0.000, 0.021, 0.771, 0.000, 0.000, 0.000, 0.809, 0.809, 0.000, 0.000, 0.000, 0.000, 0.000, 0.821, 0.000, 0.000, 0.000, 0.000, 0.000, 0.000, 0.000, 0.000, 0.000, 0.000, 0.808, 0.000, 0.808, 0.000, 0.000, 0.000, 0.000, 0.000, 0.000, 0.000, 0.000, 0.000, 0.000, 0.000, 0.000, 0.000, 0.000, 0.000, 0.000, 0.000, 0.000, 0.000, 0.826, 0.000, 0.000, 0.000, 0.000, 0.000, 0.000, 0.000, 0.000, 0.000, 0.000, 0.000, 0.000, 0.000, 0.000, 0.000, 0.000, 0.880, 0.000, 0.000, 0.000, 0.000, 0.816, 0.000, 0.000, 0.000, 0.820, 0.000, 0.000, 0.000, 0.000, 0.000, 0.000, 0.000, 0.000, 0.000, 0.000, 0.000, 0.000, 0.000, 0.000, 0.000, 0.000, 0.000, 0.825, 0.000, 0.000, 0.000, 0.000, 0.000, 0.000, 0.000, 0.000, 0.000, 0.000, 0.830, 0.000, 0.000, 0.000, 0.000, 0.000, 0.000, 0.000, 0.000, 0.000, 0.000, 0.000, 0.805, 0.000, 0.000, 0.000, 0.000, 0.000, 0.000, 0.000, 0.000, 0.000, 0.000, 0.824, 0.000, 0.000, 0.848, 0.000, 0.765, 0.000, 0.000, 0.000, 0.000, 0.000, 0.000, 0.000, 0.822, 0.000, 0.000, 0.000, 0.801, 0.000, 0.000, 0.000, 0.783, 0.000, 0.000, 0.000, 0.000, 0.000, 0.000, 0.000, 0.000, 0.000, 0.000, 0.000, 0.000, 0.000, 0.000, 0.000, 0.000, 0.000, 0.000, 0.000, 0.000, 0.000, 0.360, 0.000, 0.000, 0.000, 0.000, 0.000, 0.000, 0.000, 0.000, 0.000, 0.020, 0.000, 0.011, 0.833, 0.000, 0.000, 0.000, 0.000, 0.000
Measurements (Head Coverage) for N:1 Relations: 
1.000, 0.495, 0.714, 0.949, 0.999, 1.000, 0.985, 0.970, 0.972, 1.000, 1.000, 0.999, 0.677, 0.997, 0.996, 0.766, 0.995, 0.997, 0.985, 0.997, 0.978, 0.923, 0.464, 0.996, 0.858, 1.000, 0.999, 0.696, 0.992, 0.992, 0.993, 0.999, 0.582, 1.000, 1.000, 0.999, 1.000, 0.688, 0.943, 0.830, 0.713, 0.993, 0.914, 1.000, 0.744, 0.793, 0.952, 0.788, 0.993, 1.000, 0.250, 0.988, 0.901, 0.353, 0.338, 0.065, 0.000, 0.974, 0.882, 0.325, 1.000, 1.000, 0.884, 0.063, 1.000, 0.995, 0.900, 0.912, 0.895, 1.000, 0.690, 0.362, 0.999, 1.000, 0.964, 0.999, 0.898, 0.770, 0.000, 0.810, 0.998, 0.000, 0.994, 0.703, 0.870, 1.000, 0.992, 0.000, 0.670, 0.940, 1.000, 1.000, 0.999, 0.935, 0.030, 0.999, 1.000, 0.845, 1.000, 0.960, 0.991, 0.990, 0.077, 0.573, 1.000, 0.979, 0.855, 0.981, 0.998, 0.785, 1.000, 0.515, 0.939, 1.000, 1.000, 0.997, 0.922, 0.997, 1.000, 0.596, 1.000, 0.634, 0.777, 0.595, 0.996, 0.063, 0.091, 0.907, 1.000, 0.991, 0.979, 0.873, 0.000, 0.913, 0.968, 0.930, 0.781, 0.999, 0.761, 0.989, 0.313, 0.775, 1.000, 0.924, 0.117, 0.813, 0.000, 0.898, 1.000, 0.124, 0.820, 0.607, 0.979, 0.295, 1.000, 0.655, 1.000, 0.818, 0.380, 0.595, 0.730, 0.031, 0.860, 0.713, 0.424, 0.243, 1.000, 1.000, 0.492, 0.998, 0.744, 1.000, 0.997, 0.354, 0.998, 0.260, 1.000, 0.904, 0.944, 0.939, 0.980, 0.873, 0.885, 0.976, 0.956, 0.981, 0.955, 0.883, 0.907, 0.388, 0.011, 0.996, 0.185, 0.957, 0.000, 1.000, 0.416, 0.871, 0.962, 0.596, 1.000, 0.431, 0.873, 0.959, 1.000, 0.965, 1.000, 0.340, 0.994, 1.000, 0.991, 0.133, 1.000, 0.995, 0.938, 0.149, 0.922, 1.000, 0.855, 1.000, 1.000, 0.942, 0.902, 0.921, 0.709, 0.991, 0.445, 0.632, 0.172, 0.796, 0.106, 1.000, 0.991, 0.353, 1.000, 0.890, 0.642
Measurements (Head Coverage) for 1:N Relations: 
0.708, 0.963, 0.992, 0.950, 0.981, 0.987, 0.951, 0.998, 0.972, 1.000, 0.987, 0.117, 0.837, 0.937, 0.592, 0.903, 0.022, 0.882, 0.963, 0.914, 0.992, 0.912, 0.935, 0.846, 0.000, 0.000, 0.971, 1.000, 0.519, 0.999, 0.891, 0.982, 0.996, 0.000, 0.000, 1.000, 0.992, 0.997, 0.843, 0.000, 0.987, 0.923, 0.991, 0.000, 0.989, 0.803, 0.533, 0.993, 0.205, 1.000, 0.981, 0.114, 0.864, 0.327, 0.148, 0.989, 0.000, 0.968, 0.878, 0.856, 0.000, 0.822, 0.000, 0.997, 1.000, 1.000, 0.578, 0.784, 0.994, 0.972, 0.970, 0.996, 0.882, 0.824, 0.385, 0.999, 0.994, 0.761, 1.000, 1.000, 0.000, 0.000, 0.215, 0.163, 0.493, 0.102, 0.508, 0.996, 0.978, 0.999, 0.526, 0.000, 0.982, 0.972, 0.393, 0.842, 0.998, 0.845, 1.000, 0.900, 0.378, 0.943, 0.899, 0.998, 0.997, 0.021, 0.503, 0.938, 0.000, 0.297, 0.000, 0.000, 0.996, 0.387, 1.000, 0.046, 0.134, 0.990, 0.000, 0.568, 0.000, 1.000, 0.817, 0.610, 0.442, 0.984, 0.987, 0.000, 0.000, 0.000, 1.000, 0.991, 1.000, 0.000, 0.855, 0.000, 0.449, 1.000, 0.266, 0.000, 0.927, 0.779, 0.961, 0.024, 0.029, 0.611, 0.000, 0.185, 1.000, 0.950, 0.791, 0.787, 0.983, 0.829, 0.034, 0.274, 1.000, 0.953, 0.957, 0.415, 0.197, 1.000, 0.513, 0.793, 0.403, 0.916, 0.000, 0.000, 1.000, 0.993, 0.998, 0.921, 0.319, 0.947, 1.000, 0.290, 1.000, 0.647, 0.936, 0.649, 0.980, 0.020, 0.000, 0.042, 0.013, 0.127, 0.123, 0.301, 0.904, 0.981, 0.000, 0.269, 0.143, 0.465, 0.169, 0.000, 0.494, 0.980, 0.500, 0.096, 0.161, 0.313, 0.141, 0.480, 0.950, 0.000, 0.000, 0.759, 0.000, 0.000, 0.000, 0.978, 0.011, 0.000, 0.896, 1.000, 0.935, 0.244, 0.866, 0.000, 0.856, 0.342, 0.481, 0.297, 0.116, 0.000, 0.365, 0.921, 0.111, 0.889, 0.117, 1.000, 0.018, 0.980, 0.000, 0.360, 0.434
Wed Feb 11 19:22:18 EST 2026 -- Cartesian product; going for p: 0 (0 out of 237)
Wed Feb 11 19:22:18 EST 2026 -- Cartesian product; going for p: 1 (0 out of 237)
Wed Feb 11 19:22:18 EST 2026 -- Cartesian product; going for p: 2 (0 out of 237)
Wed Feb 11 19:22:18 EST 2026 -- Cartesian product; going for p: 3 (0 out of 237)
Wed Feb 11 19:22:20 EST 2026 -- Cartesian product; going for p: 4 (0 out of 237)
Wed Feb 11 19:22:20 EST 2026 -- Cartesian product; going for p: 5 (0 out of 237)
Wed Feb 11 19:22:20 EST 2026 -- Cartesian product; going for p: 6 (0 out of 237)
Wed Feb 11 19:22:22 EST 2026 -- Cartesian product; going for p: 7 (0 out of 237)
Wed Feb 11 19:22:24 EST 2026 -- Cartesian product; going for p: 8 (0 out of 237)
Wed Feb 11 19:22:30 EST 2026 -- Cartesian product; going for p: 9 (0 out of 237)
Wed Feb 11 19:22:30 EST 2026 -- Cartesian product; going for p: 10 (0 out of 237)
Wed Feb 11 19:22:31 EST 2026 -- Cartesian product; going for p: 11 (0 out of 237)
Wed Feb 11 19:22:31 EST 2026 -- Cartesian product; going for p: 12 (0 out of 237)
Wed Feb 11 19:22:31 EST 2026 -- Cartesian product; going for p: 13 (0 out of 237)
Wed Feb 11 19:22:34 EST 2026 -- Cartesian product; going for p: 14 (0 out of 237)
Wed Feb 11 19:22:34 EST 2026 -- Cartesian product; going for p: 15 (0 out of 237)
Wed Feb 11 19:22:35 EST 2026 -- Cartesian product; going for p: 16 (0 out of 237)
Wed Feb 11 19:22:35 EST 2026 -- Cartesian product; going for p: 17 (0 out of 237)
Wed Feb 11 19:22:37 EST 2026 -- Cartesian product; going for p: 18 (0 out of 237)
Wed Feb 11 19:22:37 EST 2026 -- Cartesian product; going for p: 19 (0 out of 237)
Wed Feb 11 19:22:40 EST 2026 -- Cartesian product; going for p: 20 (0 out of 237)
Wed Feb 11 19:22:40 EST 2026 -- Cartesian product; going for p: 21 (0 out of 237)
Wed Feb 11 19:22:41 EST 2026 -- Cartesian product; going for p: 22 (0 out of 237)
Wed Feb 11 19:22:41 EST 2026 -- Cartesian product; going for p: 23 (0 out of 237)
Wed Feb 11 19:22:41 EST 2026 -- Cartesian product; going for p: 24 (0 out of 237)
Wed Feb 11 19:22:41 EST 2026 -- Cartesian product; going for p: 25 (0 out of 237)
Wed Feb 11 19:22:41 EST 2026 -- Cartesian product; going for p: 26 (0 out of 237)
Wed Feb 11 19:22:42 EST 2026 -- Cartesian product; going for p: 27 (0 out of 237)
Wed Feb 11 19:22:42 EST 2026 -- Cartesian product; going for p: 28 (0 out of 237)
Wed Feb 11 19:22:42 EST 2026 -- Cartesian product; going for p: 29 (0 out of 237)
Wed Feb 11 19:22:42 EST 2026 -- Cartesian product; going for p: 30 (0 out of 237)
Wed Feb 11 19:22:42 EST 2026 -- Cartesian product; going for p: 31 (0 out of 237)
Wed Feb 11 19:22:43 EST 2026 -- Cartesian product; going for p: 32 (0 out of 237)
Wed Feb 11 19:22:44 EST 2026 -- Cartesian product; going for p: 33 (0 out of 237)
Wed Feb 11 19:22:44 EST 2026 -- Cartesian product; going for p: 34 (0 out of 237)
Wed Feb 11 19:22:44 EST 2026 -- Cartesian product; going for p: 35 (0 out of 237)
Wed Feb 11 19:22:44 EST 2026 -- Cartesian product; going for p: 36 (0 out of 237)
Wed Feb 11 19:22:44 EST 2026 -- Cartesian product; going for p: 37 (0 out of 237)
Wed Feb 11 19:22:44 EST 2026 -- Cartesian product; going for p: 38 (0 out of 237)
Wed Feb 11 19:22:45 EST 2026 -- Cartesian product; going for p: 39 (0 out of 237)
Wed Feb 11 19:22:45 EST 2026 -- Cartesian product; going for p: 40 (0 out of 237)
Wed Feb 11 19:22:45 EST 2026 -- Cartesian product; going for p: 41 (0 out of 237)
Wed Feb 11 19:22:45 EST 2026 -- Cartesian product; going for p: 42 (0 out of 237)
Wed Feb 11 19:22:45 EST 2026 -- Cartesian product; going for p: 43 (0 out of 237)
Wed Feb 11 19:22:45 EST 2026 -- Cartesian product; going for p: 44 (0 out of 237)
Wed Feb 11 19:22:45 EST 2026 -- Cartesian product; going for p: 45 (0 out of 237)
Wed Feb 11 19:22:45 EST 2026 -- Cartesian product; going for p: 46 (0 out of 237)
Wed Feb 11 19:22:45 EST 2026 -- Cartesian product; going for p: 47 (0 out of 237)
Wed Feb 11 19:22:46 EST 2026 -- Cartesian product; going for p: 48 (0 out of 237)
Wed Feb 11 19:22:46 EST 2026 -- Cartesian product; going for p: 49 (0 out of 237)
Wed Feb 11 19:22:46 EST 2026 -- Cartesian product; going for p: 50 (0 out of 237)
Wed Feb 11 19:22:46 EST 2026 -- Cartesian product; going for p: 51 (0 out of 237)
Wed Feb 11 19:22:46 EST 2026 -- Cartesian product; going for p: 52 (0 out of 237)
Wed Feb 11 19:22:46 EST 2026 -- Cartesian product; going for p: 53 (0 out of 237)
Wed Feb 11 19:22:46 EST 2026 -- Cartesian product; going for p: 54 (0 out of 237)
woah there pardner
Wed Feb 11 19:22:46 EST 2026 -- Cartesian product; going for p: 55 (0 out of 237)
Wed Feb 11 19:22:46 EST 2026 -- Cartesian product; going for p: 56 (0 out of 237)
Wed Feb 11 19:22:46 EST 2026 -- Cartesian product; going for p: 57 (0 out of 237)
Wed Feb 11 19:22:46 EST 2026 -- Cartesian product; going for p: 58 (0 out of 237)
Wed Feb 11 19:22:46 EST 2026 -- Cartesian product; going for p: 59 (0 out of 237)
Wed Feb 11 19:22:46 EST 2026 -- Cartesian product; going for p: 60 (0 out of 237)
Wed Feb 11 19:22:46 EST 2026 -- Cartesian product; going for p: 61 (0 out of 237)
Wed Feb 11 19:22:46 EST 2026 -- Cartesian product; going for p: 62 (0 out of 237)
Wed Feb 11 19:22:46 EST 2026 -- Cartesian product; going for p: 63 (0 out of 237)
Wed Feb 11 19:22:46 EST 2026 -- Cartesian product; going for p: 64 (0 out of 237)
Wed Feb 11 19:22:46 EST 2026 -- Cartesian product; going for p: 65 (0 out of 237)
Wed Feb 11 19:22:46 EST 2026 -- Cartesian product; going for p: 66 (0 out of 237)
Wed Feb 11 19:22:47 EST 2026 -- Cartesian product; going for p: 67 (0 out of 237)
Wed Feb 11 19:22:47 EST 2026 -- Cartesian product; going for p: 68 (0 out of 237)
Wed Feb 11 19:22:47 EST 2026 -- Cartesian product; going for p: 69 (0 out of 237)
Wed Feb 11 19:22:47 EST 2026 -- Cartesian product; going for p: 70 (0 out of 237)
Wed Feb 11 19:22:47 EST 2026 -- Cartesian product; going for p: 71 (0 out of 237)
Wed Feb 11 19:22:47 EST 2026 -- Cartesian product; going for p: 72 (0 out of 237)
Wed Feb 11 19:22:47 EST 2026 -- Cartesian product; going for p: 73 (0 out of 237)
Wed Feb 11 19:22:47 EST 2026 -- Cartesian product; going for p: 74 (0 out of 237)
Wed Feb 11 19:22:47 EST 2026 -- Cartesian product; going for p: 75 (0 out of 237)
Wed Feb 11 19:22:47 EST 2026 -- Cartesian product; going for p: 76 (0 out of 237)
Wed Feb 11 19:22:47 EST 2026 -- Cartesian product; going for p: 77 (0 out of 237)
Wed Feb 11 19:22:47 EST 2026 -- Cartesian product; going for p: 78 (0 out of 237)
Wed Feb 11 19:22:47 EST 2026 -- Cartesian product; going for p: 79 (0 out of 237)
Wed Feb 11 19:22:47 EST 2026 -- Cartesian product; going for p: 80 (0 out of 237)
Wed Feb 11 19:22:47 EST 2026 -- Cartesian product; going for p: 81 (0 out of 237)
Wed Feb 11 19:22:47 EST 2026 -- Cartesian product; going for p: 82 (0 out of 237)
Wed Feb 11 19:22:47 EST 2026 -- Cartesian product; going for p: 83 (0 out of 237)
Wed Feb 11 19:22:47 EST 2026 -- Cartesian product; going for p: 84 (0 out of 237)
Wed Feb 11 19:22:47 EST 2026 -- Cartesian product; going for p: 85 (0 out of 237)
Wed Feb 11 19:22:47 EST 2026 -- Cartesian product; going for p: 86 (0 out of 237)
Wed Feb 11 19:22:47 EST 2026 -- Cartesian product; going for p: 87 (0 out of 237)
Wed Feb 11 19:22:47 EST 2026 -- Cartesian product; going for p: 88 (0 out of 237)
Wed Feb 11 19:22:47 EST 2026 -- Cartesian product; going for p: 89 (0 out of 237)
Wed Feb 11 19:22:48 EST 2026 -- Cartesian product; going for p: 90 (0 out of 237)
Wed Feb 11 19:22:48 EST 2026 -- Cartesian product; going for p: 91 (0 out of 237)
Wed Feb 11 19:22:48 EST 2026 -- Cartesian product; going for p: 92 (0 out of 237)
Wed Feb 11 19:22:48 EST 2026 -- Cartesian product; going for p: 93 (0 out of 237)
Wed Feb 11 19:22:48 EST 2026 -- Cartesian product; going for p: 94 (0 out of 237)
Wed Feb 11 19:22:48 EST 2026 -- Cartesian product; going for p: 95 (0 out of 237)
Wed Feb 11 19:22:48 EST 2026 -- Cartesian product; going for p: 96 (0 out of 237)
Wed Feb 11 19:22:48 EST 2026 -- Cartesian product; going for p: 97 (0 out of 237)
Wed Feb 11 19:22:48 EST 2026 -- Cartesian product; going for p: 98 (0 out of 237)
Wed Feb 11 19:22:48 EST 2026 -- Cartesian product; going for p: 99 (0 out of 237)
Wed Feb 11 19:22:48 EST 2026 -- Cartesian product; going for p: 100 (0 out of 237)
Wed Feb 11 19:22:48 EST 2026 -- Cartesian product; going for p: 101 (0 out of 237)
Wed Feb 11 19:22:48 EST 2026 -- Cartesian product; going for p: 102 (0 out of 237)
Wed Feb 11 19:22:48 EST 2026 -- Cartesian product; going for p: 103 (0 out of 237)
Wed Feb 11 19:22:48 EST 2026 -- Cartesian product; going for p: 104 (0 out of 237)
Wed Feb 11 19:22:48 EST 2026 -- Cartesian product; going for p: 105 (0 out of 237)
Wed Feb 11 19:22:48 EST 2026 -- Cartesian product; going for p: 106 (0 out of 237)
Wed Feb 11 19:22:48 EST 2026 -- Cartesian product; going for p: 107 (0 out of 237)
Wed Feb 11 19:22:48 EST 2026 -- Cartesian product; going for p: 108 (0 out of 237)
Wed Feb 11 19:22:48 EST 2026 -- Cartesian product; going for p: 109 (0 out of 237)
Wed Feb 11 19:22:48 EST 2026 -- Cartesian product; going for p: 110 (0 out of 237)
Wed Feb 11 19:22:48 EST 2026 -- Cartesian product; going for p: 111 (0 out of 237)
Wed Feb 11 19:22:48 EST 2026 -- Cartesian product; going for p: 112 (0 out of 237)
Wed Feb 11 19:22:48 EST 2026 -- Cartesian product; going for p: 113 (0 out of 237)
Wed Feb 11 19:22:48 EST 2026 -- Cartesian product; going for p: 114 (0 out of 237)
Wed Feb 11 19:22:48 EST 2026 -- Cartesian product; going for p: 115 (0 out of 237)
Wed Feb 11 19:22:48 EST 2026 -- Cartesian product; going for p: 116 (0 out of 237)
Wed Feb 11 19:22:48 EST 2026 -- Cartesian product; going for p: 117 (0 out of 237)
Wed Feb 11 19:22:48 EST 2026 -- Cartesian product; going for p: 118 (0 out of 237)
Wed Feb 11 19:22:48 EST 2026 -- Cartesian product; going for p: 119 (0 out of 237)
Wed Feb 11 19:22:48 EST 2026 -- Cartesian product; going for p: 120 (0 out of 237)
Wed Feb 11 19:22:48 EST 2026 -- Cartesian product; going for p: 121 (0 out of 237)
Wed Feb 11 19:22:48 EST 2026 -- Cartesian product; going for p: 122 (0 out of 237)
Wed Feb 11 19:22:48 EST 2026 -- Cartesian product; going for p: 123 (0 out of 237)
Wed Feb 11 19:22:48 EST 2026 -- Cartesian product; going for p: 124 (0 out of 237)
Wed Feb 11 19:22:48 EST 2026 -- Cartesian product; going for p: 125 (0 out of 237)
Wed Feb 11 19:22:48 EST 2026 -- Cartesian product; going for p: 126 (0 out of 237)
Wed Feb 11 19:22:48 EST 2026 -- Cartesian product; going for p: 127 (0 out of 237)
Wed Feb 11 19:22:48 EST 2026 -- Cartesian product; going for p: 128 (0 out of 237)
Wed Feb 11 19:22:48 EST 2026 -- Cartesian product; going for p: 129 (0 out of 237)
Wed Feb 11 19:22:48 EST 2026 -- Cartesian product; going for p: 130 (0 out of 237)
Wed Feb 11 19:22:48 EST 2026 -- Cartesian product; going for p: 131 (0 out of 237)
Wed Feb 11 19:22:48 EST 2026 -- Cartesian product; going for p: 132 (0 out of 237)
Wed Feb 11 19:22:48 EST 2026 -- Cartesian product; going for p: 133 (0 out of 237)
Wed Feb 11 19:22:48 EST 2026 -- Cartesian product; going for p: 134 (0 out of 237)
Wed Feb 11 19:22:48 EST 2026 -- Cartesian product; going for p: 135 (0 out of 237)
Wed Feb 11 19:22:48 EST 2026 -- Cartesian product; going for p: 136 (0 out of 237)
Wed Feb 11 19:22:48 EST 2026 -- Cartesian product; going for p: 137 (0 out of 237)
Wed Feb 11 19:22:48 EST 2026 -- Cartesian product; going for p: 138 (0 out of 237)
Wed Feb 11 19:22:48 EST 2026 -- Cartesian product; going for p: 139 (0 out of 237)
Wed Feb 11 19:22:48 EST 2026 -- Cartesian product; going for p: 140 (0 out of 237)
Wed Feb 11 19:22:48 EST 2026 -- Cartesian product; going for p: 141 (0 out of 237)
Wed Feb 11 19:22:48 EST 2026 -- Cartesian product; going for p: 142 (0 out of 237)
Wed Feb 11 19:22:48 EST 2026 -- Cartesian product; going for p: 143 (0 out of 237)
Wed Feb 11 19:22:48 EST 2026 -- Cartesian product; going for p: 144 (0 out of 237)
Wed Feb 11 19:22:48 EST 2026 -- Cartesian product; going for p: 145 (0 out of 237)
Wed Feb 11 19:22:48 EST 2026 -- Cartesian product; going for p: 146 (0 out of 237)
Wed Feb 11 19:22:48 EST 2026 -- Cartesian product; going for p: 147 (0 out of 237)
Wed Feb 11 19:22:48 EST 2026 -- Cartesian product; going for p: 148 (0 out of 237)
Wed Feb 11 19:22:48 EST 2026 -- Cartesian product; going for p: 149 (0 out of 237)
Wed Feb 11 19:22:48 EST 2026 -- Cartesian product; going for p: 150 (0 out of 237)
Wed Feb 11 19:22:48 EST 2026 -- Cartesian product; going for p: 151 (0 out of 237)
Wed Feb 11 19:22:48 EST 2026 -- Cartesian product; going for p: 152 (0 out of 237)
Wed Feb 11 19:22:48 EST 2026 -- Cartesian product; going for p: 153 (0 out of 237)
Wed Feb 11 19:22:48 EST 2026 -- Cartesian product; going for p: 154 (0 out of 237)
Wed Feb 11 19:22:48 EST 2026 -- Cartesian product; going for p: 155 (0 out of 237)
Wed Feb 11 19:22:48 EST 2026 -- Cartesian product; going for p: 156 (0 out of 237)
Wed Feb 11 19:22:48 EST 2026 -- Cartesian product; going for p: 157 (0 out of 237)
Wed Feb 11 19:22:48 EST 2026 -- Cartesian product; going for p: 158 (0 out of 237)
Wed Feb 11 19:22:48 EST 2026 -- Cartesian product; going for p: 159 (0 out of 237)
Wed Feb 11 19:22:48 EST 2026 -- Cartesian product; going for p: 160 (0 out of 237)
Wed Feb 11 19:22:48 EST 2026 -- Cartesian product; going for p: 161 (0 out of 237)
Wed Feb 11 19:22:48 EST 2026 -- Cartesian product; going for p: 162 (0 out of 237)
Wed Feb 11 19:22:48 EST 2026 -- Cartesian product; going for p: 163 (0 out of 237)
Wed Feb 11 19:22:48 EST 2026 -- Cartesian product; going for p: 164 (0 out of 237)
Wed Feb 11 19:22:48 EST 2026 -- Cartesian product; going for p: 165 (0 out of 237)
Wed Feb 11 19:22:48 EST 2026 -- Cartesian product; going for p: 166 (0 out of 237)
Wed Feb 11 19:22:48 EST 2026 -- Cartesian product; going for p: 167 (0 out of 237)
Wed Feb 11 19:22:48 EST 2026 -- Cartesian product; going for p: 168 (0 out of 237)
Wed Feb 11 19:22:48 EST 2026 -- Cartesian product; going for p: 169 (0 out of 237)
Wed Feb 11 19:22:48 EST 2026 -- Cartesian product; going for p: 170 (0 out of 237)
Wed Feb 11 19:22:48 EST 2026 -- Cartesian product; going for p: 171 (0 out of 237)
Wed Feb 11 19:22:48 EST 2026 -- Cartesian product; going for p: 172 (0 out of 237)
Wed Feb 11 19:22:48 EST 2026 -- Cartesian product; going for p: 173 (0 out of 237)
Wed Feb 11 19:22:48 EST 2026 -- Cartesian product; going for p: 174 (0 out of 237)
Wed Feb 11 19:22:48 EST 2026 -- Cartesian product; going for p: 175 (0 out of 237)
Wed Feb 11 19:22:48 EST 2026 -- Cartesian product; going for p: 176 (0 out of 237)
Wed Feb 11 19:22:48 EST 2026 -- Cartesian product; going for p: 177 (0 out of 237)
Wed Feb 11 19:22:48 EST 2026 -- Cartesian product; going for p: 178 (0 out of 237)
Wed Feb 11 19:22:48 EST 2026 -- Cartesian product; going for p: 179 (0 out of 237)
Wed Feb 11 19:22:48 EST 2026 -- Cartesian product; going for p: 180 (0 out of 237)
Wed Feb 11 19:22:48 EST 2026 -- Cartesian product; going for p: 181 (0 out of 237)
Wed Feb 11 19:22:48 EST 2026 -- Cartesian product; going for p: 182 (0 out of 237)
Wed Feb 11 19:22:48 EST 2026 -- Cartesian product; going for p: 183 (0 out of 237)
Wed Feb 11 19:22:48 EST 2026 -- Cartesian product; going for p: 184 (0 out of 237)
Wed Feb 11 19:22:48 EST 2026 -- Cartesian product; going for p: 185 (0 out of 237)
Wed Feb 11 19:22:48 EST 2026 -- Cartesian product; going for p: 186 (0 out of 237)
Wed Feb 11 19:22:48 EST 2026 -- Cartesian product; going for p: 187 (0 out of 237)
Wed Feb 11 19:22:48 EST 2026 -- Cartesian product; going for p: 188 (0 out of 237)
Wed Feb 11 19:22:48 EST 2026 -- Cartesian product; going for p: 189 (0 out of 237)
Wed Feb 11 19:22:48 EST 2026 -- Cartesian product; going for p: 190 (0 out of 237)
Wed Feb 11 19:22:48 EST 2026 -- Cartesian product; going for p: 191 (0 out of 237)
Wed Feb 11 19:22:48 EST 2026 -- Cartesian product; going for p: 192 (0 out of 237)
Wed Feb 11 19:22:48 EST 2026 -- Cartesian product; going for p: 193 (0 out of 237)
Wed Feb 11 19:22:48 EST 2026 -- Cartesian product; going for p: 194 (0 out of 237)
Wed Feb 11 19:22:48 EST 2026 -- Cartesian product; going for p: 195 (0 out of 237)
Wed Feb 11 19:22:48 EST 2026 -- Cartesian product; going for p: 196 (0 out of 237)
Wed Feb 11 19:22:48 EST 2026 -- Cartesian product; going for p: 197 (0 out of 237)
Wed Feb 11 19:22:48 EST 2026 -- Cartesian product; going for p: 198 (0 out of 237)
Wed Feb 11 19:22:48 EST 2026 -- Cartesian product; going for p: 199 (0 out of 237)
Wed Feb 11 19:22:48 EST 2026 -- Cartesian product; going for p: 200 (0 out of 237)
Wed Feb 11 19:22:48 EST 2026 -- Cartesian product; going for p: 201 (0 out of 237)
Wed Feb 11 19:22:48 EST 2026 -- Cartesian product; going for p: 202 (0 out of 237)
Wed Feb 11 19:22:48 EST 2026 -- Cartesian product; going for p: 203 (0 out of 237)
Wed Feb 11 19:22:48 EST 2026 -- Cartesian product; going for p: 204 (0 out of 237)
Wed Feb 11 19:22:48 EST 2026 -- Cartesian product; going for p: 205 (0 out of 237)
Wed Feb 11 19:22:48 EST 2026 -- Cartesian product; going for p: 206 (0 out of 237)
Wed Feb 11 19:22:48 EST 2026 -- Cartesian product; going for p: 207 (0 out of 237)
Wed Feb 11 19:22:48 EST 2026 -- Cartesian product; going for p: 208 (0 out of 237)
Wed Feb 11 19:22:48 EST 2026 -- Cartesian product; going for p: 209 (0 out of 237)
Wed Feb 11 19:22:48 EST 2026 -- Cartesian product; going for p: 210 (0 out of 237)
Wed Feb 11 19:22:48 EST 2026 -- Cartesian product; going for p: 211 (0 out of 237)
Wed Feb 11 19:22:48 EST 2026 -- Cartesian product; going for p: 212 (0 out of 237)
Wed Feb 11 19:22:48 EST 2026 -- Cartesian product; going for p: 213 (0 out of 237)
Wed Feb 11 19:22:48 EST 2026 -- Cartesian product; going for p: 214 (0 out of 237)
Wed Feb 11 19:22:48 EST 2026 -- Cartesian product; going for p: 215 (0 out of 237)
Wed Feb 11 19:22:48 EST 2026 -- Cartesian product; going for p: 216 (0 out of 237)
Wed Feb 11 19:22:48 EST 2026 -- Cartesian product; going for p: 217 (0 out of 237)
Wed Feb 11 19:22:48 EST 2026 -- Cartesian product; going for p: 218 (0 out of 237)
Wed Feb 11 19:22:48 EST 2026 -- Cartesian product; going for p: 219 (0 out of 237)
Wed Feb 11 19:22:48 EST 2026 -- Cartesian product; going for p: 220 (0 out of 237)
Wed Feb 11 19:22:48 EST 2026 -- Cartesian product; going for p: 221 (0 out of 237)
Wed Feb 11 19:22:48 EST 2026 -- Cartesian product; going for p: 222 (0 out of 237)
Wed Feb 11 19:22:48 EST 2026 -- Cartesian product; going for p: 223 (0 out of 237)
Wed Feb 11 19:22:48 EST 2026 -- Cartesian product; going for p: 224 (0 out of 237)
Wed Feb 11 19:22:48 EST 2026 -- Cartesian product; going for p: 225 (0 out of 237)
Wed Feb 11 19:22:48 EST 2026 -- Cartesian product; going for p: 226 (0 out of 237)
Wed Feb 11 19:22:48 EST 2026 -- Cartesian product; going for p: 227 (0 out of 237)
Wed Feb 11 19:22:48 EST 2026 -- Cartesian product; going for p: 228 (0 out of 237)
Wed Feb 11 19:22:48 EST 2026 -- Cartesian product; going for p: 229 (0 out of 237)
Wed Feb 11 19:22:48 EST 2026 -- Cartesian product; going for p: 230 (0 out of 237)
Wed Feb 11 19:22:48 EST 2026 -- Cartesian product; going for p: 231 (0 out of 237)
Wed Feb 11 19:22:48 EST 2026 -- Cartesian product; going for p: 232 (0 out of 237)
Wed Feb 11 19:22:48 EST 2026 -- Cartesian product; going for p: 233 (0 out of 237)
Wed Feb 11 19:22:48 EST 2026 -- Cartesian product; going for p: 234 (0 out of 237)
Wed Feb 11 19:22:48 EST 2026 -- Cartesian product; going for p: 235 (0 out of 237)
Wed Feb 11 19:22:48 EST 2026 -- Cartesian product; going for p: 236 (0 out of 237)
Measurements (Confidence) for Cartesian Product Anomalies:
0.215, 0.003, 0.012, 0.003, 0.429, 0.504, 0.002, 0.024, 0.003, 0.186, 0.078, 0.031, 0.001, 0.054, 0.016, 0.001, 0.011, 0.016, 0.162, 0.008, 0.017, 0.008, 0.001, 0.094, 0.000, 0.000, 0.105, 0.009, 0.012, 0.177, 0.012, 0.031, 0.012, 0.000, 0.000, 0.275, 0.348, 0.052, 0.001, 0.000, 0.012, 0.033, 0.034, 0.000, 0.035, 0.002, 0.015, 0.004, 0.002, 0.327, 0.004, 0.011, 0.013, 0.001, 0.001, 0.017, 0.000, 0.077, 0.003, 0.002, 0.000, 0.072, 0.000, 0.006, 0.242, 0.280, 0.001, 0.043, 0.035, 0.193, 0.022, 0.006, 0.086, 0.606, 0.010, 0.261, 0.018, 0.002, 0.000, 0.102, 0.000, 0.000, 0.005, 0.000, 0.002, 0.035, 0.009, 0.000, 0.018, 0.136, 0.143, 0.000, 0.077, 0.149, 0.000, 0.083, 0.232, 0.009, 0.537, 0.152, 0.013, 0.035, 0.000, 0.008, 0.163, 0.001, 0.003, 0.037, 0.000, 0.001, 0.000, 0.000, 0.174, 0.224, 0.694, 0.011, 0.001, 0.530, 0.000, 0.003, 0.000, 0.036, 0.011, 0.002, 0.025, 0.007, 0.011, 0.000, 0.000, 0.000, 0.069, 0.044, 0.000, 0.000, 0.033, 0.000, 0.002, 0.627, 0.003, 0.000, 0.006, 0.013, 0.499, 0.000, 0.000, 0.005, 0.000, 0.005, 0.796, 0.006, 0.017, 0.020, 0.102, 0.004, 0.003, 0.001, 0.784, 0.054, 0.009, 0.002, 0.001, 0.011, 0.008, 0.010, 0.001, 0.010, 0.000, 0.000, 0.219, 0.549, 0.020, 0.769, 0.064, 0.018, 0.284, 0.002, 0.552, 0.023, 0.142, 0.055, 0.306, 0.001, 0.000, 0.001, 0.000, 0.012, 0.005, 0.012, 0.036, 0.027, 0.000, 0.016, 0.000, 0.025, 0.000, 0.000, 0.002, 0.232, 0.036, 0.001, 0.161, 0.001, 0.005, 0.021, 0.632, 0.000, 0.000, 0.004, 0.000, 0.000, 0.000, 0.024, 0.003, 0.000, 0.043, 0.023, 0.112, 0.132, 0.036, 0.000, 0.380, 0.009, 0.016, 0.013, 0.001, 0.000, 0.002, 0.033, 0.000, 0.036, 0.000, 0.750, 0.009, 0.081, 0.000, 0.016, 0.006

Done
