Analyzing WN18 for redundancies in: (true, false, false)
Number of predicates P: 18
Adding 141442 triples to a new hash map from train2id.txt
Measurements (Head Coverage) for Near-Same Anomalies: 
0.007, 0.003, 0.001, 0.007, 0.000, 0.001, 0.003, 0.000, 0.000, 0.008, 0.001, 0.000, 0.000, 0.001, 0.015, 0.002, 0.008, 0.029
Measurements (Head Coverage) for Near-Reverse Anomalies: 
0.933, 0.930, 0.001, 0.919, 0.000, 0.935, 0.933, 0.931, 0.938, 0.934, 0.934, 0.926, 0.934, 0.932, 0.015, 0.934, 0.939, 0.029
Transitive Measurements (Head Coverage): 
0.003, 0.000, 0.028, 0.000, 0.000, 0.001, 0.000, 0.000, 0.000, 0.003, 0.001, 0.000, 0.000, 0.027, 0.022, 0.027, 0.000, 0.158
Measurements (Head Coverage) for Symmetric Anomalies: 
0.001, 0.000, 0.932, 0.000, 0.925, 0.000, 0.000, 0.000, 0.000, 0.001, 0.000, 0.000, 0.000, 0.000, 0.931, 0.000, 0.000, 0.637
Measurements (Head Coverage) for N:1 Relations: 
0.087, 0.016, 0.708, 0.100, 0.088, 0.877, 0.734, 0.934, 0.105, 0.968, 0.043, 0.294, 0.994, 0.296, 0.258, 0.742, 0.944, 0.630
Measurements (Head Coverage) for 1:N Relations: 
0.969, 0.739, 0.709, 0.941, 0.063, 0.043, 0.016, 0.297, 0.992, 0.087, 0.877, 0.932, 0.106, 0.743, 0.262, 0.289, 0.093, 0.704
Wed Feb 11 19:23:19 EST 2026 -- Cartesian product; going for p: 0 (0 out of 18)
Wed Feb 11 19:23:19 EST 2026 -- Cartesian product; going for p: 1 (0 out of 18)
Wed Feb 11 19:23:22 EST 2026 -- Cartesian product; going for p: 2 (0 out of 18)
Wed Feb 11 19:24:07 EST 2026 -- Cartesian product; going for p: 3 (0 out of 18)
Wed Feb 11 19:24:07 EST 2026 -- Cartesian product; going for p: 4 (0 out of 18)
Wed Feb 11 19:24:07 EST 2026 -- Cartesian product; going for p: 5 (0 out of 18)
Wed Feb 11 19:24:56 EST 2026 -- Cartesian product; going for p: 6 (0 out of 18)
Wed Feb 11 19:24:59 EST 2026 -- Cartesian product; going for p: 7 (0 out of 18)
Wed Feb 11 19:24:59 EST 2026 -- Cartesian product; going for p: 8 (0 out of 18)
Wed Feb 11 19:24:59 EST 2026 -- Cartesian product; going for p: 9 (0 out of 18)
Wed Feb 11 19:24:59 EST 2026 -- Cartesian product; going for p: 10 (0 out of 18)
Wed Feb 11 19:25:41 EST 2026 -- Cartesian product; going for p: 11 (0 out of 18)
Wed Feb 11 19:25:41 EST 2026 -- Cartesian product; going for p: 12 (0 out of 18)
Wed Feb 11 19:25:41 EST 2026 -- Cartesian product; going for p: 13 (0 out of 18)
Wed Feb 11 19:25:42 EST 2026 -- Cartesian product; going for p: 14 (0 out of 18)
Wed Feb 11 19:25:42 EST 2026 -- Cartesian product; going for p: 15 (0 out of 18)
Wed Feb 11 19:25:43 EST 2026 -- Cartesian product; going for p: 16 (0 out of 18)
Wed Feb 11 19:25:43 EST 2026 -- Cartesian product; going for p: 17 (0 out of 18)
Measurements (Confidence) for Cartesian Product Anomalies:
0.000, 0.000, 0.000, 0.001, 0.000, 0.000, 0.000, 0.001, 0.005, 0.000, 0.000, 0.001, 0.005, 0.000, 0.000, 0.000, 0.001, 0.001

Done
